[0.007s] Invoking command in '/home/kirillz/Desktop/DEV/arducopter-sim-ros2-gazebo/ardupilot_gazebo/build/ardupilot_gazebo': CMAKE_PREFIX_PATH=${CMAKE_PREFIX_PATH}:/opt/ros/jazzy DEBUGINFOD_URLS=https://debuginfod.ubuntu.com VIRTUAL_ENV_PROMPT=(.venv) /usr/bin/cmake /home/kirillz/Desktop/DEV/arducopter-sim-ros2-gazebo/ardupilot_gazebo -DCMAKE_INSTALL_PREFIX=/home/kirillz/Desktop/DEV/arducopter-sim-ros2-gazebo/ardupilot_gazebo/install/ardupilot_gazebo
[0.166s] [0mBuilding ardupilot_gazebo as an `ament_cmake` project.[0m
[0.170s] -- Looking for gz-common5 -- found version 5.7.1
[0.170s] -- Searching for dependencies of gz-common5
[0.171s] -- Looking for gz-utils2 -- found version 2.2.1
[0.171s] -- Searching for dependencies of gz-utils2
[0.171s] -- Looking for dlfcn.h - found
[0.171s] -- Looking for libdl - found
[0.176s] -- Checking for module 'uuid'
[0.194s] --   Found uuid, version 2.39.3
[0.277s] -- Looking for gz-common5 - found
[0.277s] 
[0.278s] -- Looking for gz-rendering8 -- found version 8.2.3
[0.279s] -- Searching for dependencies of gz-rendering8
[0.279s] -- Looking for gz-math7 -- found version 7.5.2
[0.280s] -- Searching for dependencies of gz-math7
[0.280s] -- Looking for gz-utils2 -- found version 2.2.1
[0.281s] -- Searching for <gz-math7> component [eigen3]
[0.282s] -- Looking for gz-math7-eigen3 -- found version 7.5.2
[0.282s] -- Searching for dependencies of gz-math7-eigen3
[0.284s] -- Looking for gz-common5 -- found version 5.7.1
[0.284s] -- Searching for dependencies of gz-common5
[0.284s] -- Looking for gz-utils2 -- found version 2.2.1
[0.284s] -- Looking for dlfcn.h - found
[0.285s] -- Looking for libdl - found
[0.289s] -- Searching for <gz-common5> component [graphics]
[0.290s] -- Looking for gz-common5-graphics -- found version 5.7.1
[0.290s] -- Searching for dependencies of gz-common5-graphics
[0.290s] -- Looking for gz-math7 -- found version 7.5.2
[0.292s] -- Searching for <gz-common5> component [events]
[0.292s] -- Looking for gz-common5-events -- found version 5.7.1
[0.292s] -- Searching for dependencies of gz-common5-events
[0.293s] -- Looking for gz-math7 -- found version 7.5.2
[0.293s] -- Searching for <gz-common5> component [geospatial]
[0.293s] -- Looking for gz-common5-geospatial -- found version 5.7.1
[0.293s] -- Searching for dependencies of gz-common5-geospatial
[0.294s] -- Looking for gz-math7 -- found version 7.5.2
[0.294s] -- Looking for gz-common5 -- found version 5.7.1
[0.295s] -- Looking for gz-plugin2 -- found version 2.0.4
[0.295s] -- Searching for dependencies of gz-plugin2
[0.295s] -- Looking for gz-utils2 -- found version 2.2.1
[0.295s] -- Searching for dependencies of gz-utils2
[0.295s] -- Searching for <gz-utils2> component [cli]
[0.295s] -- Looking for gz-utils2-cli -- found version 2.2.1
[0.295s] -- Searching for dependencies of gz-utils2-cli
[0.296s] -- Searching for <gz-plugin2> component [all]
[0.296s] -- Looking for all libraries of gz-plugin2 -- found version 2.0.4
[0.297s] -- Looking for gz-plugin2 -- found version 2.0.4
[0.297s] -- Looking for gz-plugin2-loader -- found version 2.0.4
[0.297s] -- Searching for dependencies of gz-plugin2-loader
[0.297s] -- Looking for gz-plugin2-register -- found version 2.0.4
[0.298s] -- Searching for dependencies of gz-plugin2-register
[0.298s] -- Looking for gz-utils2 -- found version 2.2.1
[0.300s] -- Looking for gz-rendering8 - found
[0.300s] 
[0.301s] -- Looking for gz-sim8 -- found version 8.10.0
[0.301s] -- Searching for dependencies of gz-sim8
[0.301s] -- Looking for sdformat14 -- found version 14.8.0
[0.301s] -- Searching for dependencies of sdformat14
[0.304s] -- Checking for module 'tinyxml2'
[0.315s] --   Found tinyxml2, version 10.0.0
[0.337s] -- Looking for gz-math7 -- found version 7.5.2
[0.337s] -- Looking for gz-utils2 -- found version 2.2.1
[0.338s] -- Looking for gz-plugin2 -- found version 2.0.4
[0.338s] -- Looking for gz-transport13 -- found version 13.5.0
[0.338s] -- Searching for dependencies of gz-transport13
[0.366s] -- Config-file not installed for ZeroMQ -- checking for pkg-config
[0.370s] -- Checking for module 'libzmq >= 4'
[0.386s] --   Found libzmq, version 4.3.5
[0.499s] -- Looking for gz-utils2 -- found version 2.2.1
[0.500s] -- Looking for gz-msgs10 -- found version 10.3.2
[0.500s] -- Searching for dependencies of gz-msgs10
[0.519s] -- Looking for gz-utils2 -- found version 2.2.1
[0.520s] -- Looking for gz-math7 -- found version 7.5.2
[0.525s] -- Searching for <gz-transport13> component [log]
[0.526s] -- Looking for gz-transport13-log -- found version 13.5.0
[0.526s] -- Searching for dependencies of gz-transport13-log
[0.526s] -- Searching for <gz-transport13> component [parameters]
[0.526s] -- Looking for gz-transport13-parameters -- found version 13.5.0
[0.526s] -- Searching for dependencies of gz-transport13-parameters
[0.527s] -- Looking for gz-msgs10 -- found version 10.3.2
[0.527s] -- Looking for gz-common5 -- found version 5.7.1
[0.527s] -- Searching for dependencies of gz-common5
[0.528s] -- Looking for gz-utils2 -- found version 2.2.1
[0.528s] -- Looking for dlfcn.h - found
[0.528s] -- Looking for libdl - found
[0.536s] -- Searching for <gz-common5> component [av]
[0.537s] -- Looking for gz-common5-av -- found version 5.7.1
[0.537s] -- Searching for dependencies of gz-common5-av
[0.545s] -- Checking for module 'libswscale'
[0.564s] --   Found libswscale, version 7.5.100
[0.601s] -- Checking for module 'libavdevice >= 56.4.100'
[0.613s] --   Found libavdevice, version 60.3.100
[0.686s] -- Checking for module 'libavformat'
[0.729s] --   Found libavformat, version 60.16.100
[0.794s] -- Checking for module 'libavcodec'
[0.806s] --   Found libavcodec, version 60.31.102
[0.871s] -- Checking for module 'libavutil'
[0.882s] --   Found libavutil, version 58.29.100
[0.917s] -- Searching for <gz-common5> component [events]
[0.917s] -- Searching for <gz-common5> component [graphics]
[0.917s] -- Searching for <gz-common5> component [io]
[0.918s] -- Looking for gz-common5-io -- found version 5.7.1
[0.918s] -- Searching for dependencies of gz-common5-io
[0.919s] -- Searching for <gz-common5> component [profiler]
[0.919s] -- Looking for gz-common5-profiler -- found version 5.7.1
[0.919s] -- Searching for dependencies of gz-common5-profiler
[0.920s] -- Looking for gz-fuel_tools9 -- found version 9.1.1
[0.920s] -- Searching for dependencies of gz-fuel_tools9
[0.986s] -- Checking for module 'jsoncpp'
[1.001s] --   Found jsoncpp, version 1.9.5
[1.102s] -- Checking for module 'yaml-0.1'
[1.119s] --   Found yaml-0.1, version 0.2.5
[1.222s] -- Checking for module 'libzip'
[1.263s] --   Found libzip, version 1.7.3
[1.358s] -- Looking for gz-utils2 -- found version 2.2.1
[1.359s] -- Looking for gz-common5 -- found version 5.7.1
[1.359s] -- Searching for dependencies of gz-common5
[1.361s] -- Looking for gz-utils2 -- found version 2.2.1
[1.361s] -- Looking for dlfcn.h - found
[1.362s] -- Looking for libdl - found
[1.376s] -- Searching for <gz-common5> component [testing]
[1.378s] -- Looking for gz-common5-testing -- found version 5.7.1
[1.379s] -- Searching for dependencies of gz-common5-testing
[1.381s] -- Looking for gz-math7 -- found version 7.5.2
[1.383s] -- Looking for gz-msgs10 -- found version 10.3.2
[1.386s] -- Looking for gz-gui8 -- found version 8.4.0
[1.386s] -- Searching for dependencies of gz-gui8
[1.413s] -- Looking for gz-utils2 -- found version 2.2.1
[1.414s] -- Looking for gz-math7 -- found version 7.5.2
[1.414s] -- Looking for gz-common5 -- found version 5.7.1
[1.414s] -- Looking for gz-plugin2 -- found version 2.0.4
[1.415s] -- Looking for gz-transport13 -- found version 13.5.0
[1.415s] -- Looking for gz-rendering8 -- found version 8.2.3
[1.416s] -- Looking for gz-msgs10 -- found version 10.3.2
[1.429s] -- Looking for gz-physics7 -- found version 7.6.0
[1.429s] -- Searching for dependencies of gz-physics7
[1.429s] -- Looking for gz-common5 -- found version 5.7.1
[1.429s] -- Looking for gz-math7 -- found version 7.5.2
[1.429s] -- Looking for gz-plugin2 -- found version 2.0.4
[1.430s] -- Looking for gz-utils2 -- found version 2.2.1
[1.431s] -- Searching for <gz-physics7> component [heightmap]
[1.431s] -- Looking for gz-physics7-heightmap -- found version 7.6.0
[1.431s] -- Searching for dependencies of gz-physics7-heightmap
[1.431s] -- Looking for gz-common5 -- found version 5.7.1
[1.432s] -- Searching for <gz-physics7> component [mesh]
[1.432s] -- Looking for gz-physics7-mesh -- found version 7.6.0
[1.432s] -- Searching for dependencies of gz-physics7-mesh
[1.432s] -- Looking for gz-common5 -- found version 5.7.1
[1.432s] -- Searching for <gz-physics7> component [sdf]
[1.433s] -- Looking for gz-physics7-sdf -- found version 7.6.0
[1.433s] -- Searching for dependencies of gz-physics7-sdf
[1.433s] -- Looking for sdformat14 -- found version 14.8.0
[1.434s] -- Looking for gz-sensors8 -- found version 8.2.2
[1.434s] -- Searching for dependencies of gz-sensors8
[1.451s] -- Looking for gz-math7 -- found version 7.5.2
[1.451s] -- Looking for gz-common5 -- found version 5.7.1
[1.452s] -- Looking for gz-transport13 -- found version 13.5.0
[1.452s] -- Looking for gz-rendering8 -- found version 8.2.3
[1.452s] -- Looking for gz-msgs10 -- found version 10.3.2
[1.452s] -- Looking for sdformat14 -- found version 14.8.0
[1.453s] -- Searching for <gz-sensors8> component [air_pressure]
[1.453s] -- Looking for gz-sensors8-air_pressure -- found version 8.2.2
[1.453s] -- Searching for dependencies of gz-sensors8-air_pressure
[1.453s] -- Searching for <gz-sensors8> component [air_speed]
[1.454s] -- Looking for gz-sensors8-air_speed -- found version 8.2.2
[1.454s] -- Searching for dependencies of gz-sensors8-air_speed
[1.454s] -- Searching for <gz-sensors8> component [altimeter]
[1.454s] -- Looking for gz-sensors8-altimeter -- found version 8.2.2
[1.454s] -- Searching for dependencies of gz-sensors8-altimeter
[1.455s] -- Searching for <gz-sensors8> component [imu]
[1.455s] -- Looking for gz-sensors8-imu -- found version 8.2.2
[1.455s] -- Searching for dependencies of gz-sensors8-imu
[1.455s] -- Searching for <gz-sensors8> component [force_torque]
[1.456s] -- Looking for gz-sensors8-force_torque -- found version 8.2.2
[1.456s] -- Searching for dependencies of gz-sensors8-force_torque
[1.456s] -- Searching for <gz-sensors8> component [logical_camera]
[1.456s] -- Looking for gz-sensors8-logical_camera -- found version 8.2.2
[1.456s] -- Searching for dependencies of gz-sensors8-logical_camera
[1.457s] -- Searching for <gz-sensors8> component [magnetometer]
[1.457s] -- Looking for gz-sensors8-magnetometer -- found version 8.2.2
[1.457s] -- Searching for dependencies of gz-sensors8-magnetometer
[1.457s] -- Searching for <gz-sensors8> component [navsat]
[1.458s] -- Looking for gz-sensors8-navsat -- found version 8.2.2
[1.458s] -- Searching for dependencies of gz-sensors8-navsat
[1.458s] -- Searching for <gz-sensors8> component [dvl]
[1.458s] -- Looking for gz-sensors8-dvl -- found version 8.2.2
[1.458s] -- Searching for dependencies of gz-sensors8-dvl
[1.459s] -- Looking for gz-sensors8 -- found version 8.2.2
[1.459s] -- Searching for dependencies of gz-sensors8
[1.477s] -- Looking for gz-math7 -- found version 7.5.2
[1.477s] -- Looking for gz-common5 -- found version 5.7.1
[1.477s] -- Looking for gz-transport13 -- found version 13.5.0
[1.478s] -- Looking for gz-rendering8 -- found version 8.2.3
[1.478s] -- Looking for gz-msgs10 -- found version 10.3.2
[1.478s] -- Looking for sdformat14 -- found version 14.8.0
[1.478s] -- Searching for <gz-sensors8> component [rendering]
[1.479s] -- Looking for gz-sensors8-rendering -- found version 8.2.2
[1.479s] -- Searching for dependencies of gz-sensors8-rendering
[1.480s] -- Searching for <gz-sensors8> component [rendering]
[1.480s] -- Searching for <gz-sensors8> component [lidar]
[1.480s] -- Looking for gz-sensors8-lidar -- found version 8.2.2
[1.480s] -- Searching for dependencies of gz-sensors8-lidar
[1.480s] -- Looking for gz-sensors8 -- found version 8.2.2
[1.481s] -- Searching for <gz-sensors8> component [gpu_lidar]
[1.481s] -- Looking for gz-sensors8-gpu_lidar -- found version 8.2.2
[1.481s] -- Searching for dependencies of gz-sensors8-gpu_lidar
[1.481s] -- Looking for gz-sensors8 -- found version 8.2.2
[1.482s] -- Searching for <gz-sensors8> component [camera]
[1.482s] -- Looking for gz-sensors8-camera -- found version 8.2.2
[1.482s] -- Searching for dependencies of gz-sensors8-camera
[1.482s] -- Looking for gz-sensors8 -- found version 8.2.2
[1.483s] -- Searching for <gz-sensors8> component [boundingbox_camera]
[1.483s] -- Looking for gz-sensors8-boundingbox_camera -- found version 8.2.2
[1.483s] -- Searching for dependencies of gz-sensors8-boundingbox_camera
[1.483s] -- Searching for <gz-sensors8> component [segmentation_camera]
[1.484s] -- Looking for gz-sensors8-segmentation_camera -- found version 8.2.2
[1.484s] -- Searching for dependencies of gz-sensors8-segmentation_camera
[1.484s] -- Searching for <gz-sensors8> component [depth_camera]
[1.485s] -- Looking for gz-sensors8-depth_camera -- found version 8.2.2
[1.485s] -- Searching for dependencies of gz-sensors8-depth_camera
[1.485s] -- Looking for gz-sensors8 -- found version 8.2.2
[1.485s] -- Searching for <gz-sensors8> component [rgbd_camera]
[1.486s] -- Looking for gz-sensors8-rgbd_camera -- found version 8.2.2
[1.486s] -- Searching for dependencies of gz-sensors8-rgbd_camera
[1.486s] -- Looking for gz-sensors8 -- found version 8.2.2
[1.486s] -- Searching for <gz-sensors8> component [thermal_camera]
[1.487s] -- Looking for gz-sensors8-thermal_camera -- found version 8.2.2
[1.487s] -- Searching for dependencies of gz-sensors8-thermal_camera
[1.487s] -- Looking for gz-sensors8 -- found version 8.2.2
[1.487s] -- Searching for <gz-sensors8> component [wide_angle_camera]
[1.488s] -- Looking for gz-sensors8-wide_angle_camera -- found version 8.2.2
[1.488s] -- Searching for dependencies of gz-sensors8-wide_angle_camera
[1.488s] -- Looking for gz-rendering8 -- found version 8.2.3
[1.489s] -- Looking for gz-math7 -- found version 7.5.2
[1.489s] -- Looking for gz-utils2 -- found version 2.2.1
[1.507s] -- Looking for gz-sim8 - found
[1.507s] 
[1.507s] -- Compiling against Gazebo Harmonic
[1.507s] -- RapidJSON found. Headers: /usr/include
[1.588s] -- Configuring done (1.6s)
[1.620s] -- Generating done (0.0s)
[1.627s] -- Build files have been written to: /home/kirillz/Desktop/DEV/arducopter-sim-ros2-gazebo/ardupilot_gazebo/build/ardupilot_gazebo
[1.633s] Invoked command in '/home/kirillz/Desktop/DEV/arducopter-sim-ros2-gazebo/ardupilot_gazebo/build/ardupilot_gazebo' returned '0': CMAKE_PREFIX_PATH=${CMAKE_PREFIX_PATH}:/opt/ros/jazzy DEBUGINFOD_URLS=https://debuginfod.ubuntu.com VIRTUAL_ENV_PROMPT=(.venv) /usr/bin/cmake /home/kirillz/Desktop/DEV/arducopter-sim-ros2-gazebo/ardupilot_gazebo -DCMAKE_INSTALL_PREFIX=/home/kirillz/Desktop/DEV/arducopter-sim-ros2-gazebo/ardupilot_gazebo/install/ardupilot_gazebo
[1.634s] Invoking command in '/home/kirillz/Desktop/DEV/arducopter-sim-ros2-gazebo/ardupilot_gazebo/build/ardupilot_gazebo': CMAKE_PREFIX_PATH=${CMAKE_PREFIX_PATH}:/opt/ros/jazzy DEBUGINFOD_URLS=https://debuginfod.ubuntu.com VIRTUAL_ENV_PROMPT=(.venv) /usr/bin/cmake --build /home/kirillz/Desktop/DEV/arducopter-sim-ros2-gazebo/ardupilot_gazebo/build/ardupilot_gazebo -- -j16 -l16
[1.692s] [  7%] [32mBuilding CXX object CMakeFiles/ParachutePlugin.dir/src/ParachutePlugin.cc.o[0m
[1.693s] [ 14%] [32mBuilding CXX object CMakeFiles/SprayerPlugin.dir/src/SprayerPlugin.cc.o[0m
[1.696s] [ 21%] [32mBuilding CXX object CMakeFiles/ArduPilotPlugin.dir/src/ArduPilotPlugin.cc.o[0m
[1.697s] [ 28%] [32mBuilding CXX object CMakeFiles/ArduPilotPlugin.dir/src/SocketUDP.cc.o[0m
[1.698s] [ 35%] [32mBuilding CXX object CMakeFiles/ArduPilotPlugin.dir/src/Util.cc.o[0m
[1.699s] [ 42%] [32mBuilding CXX object CMakeFiles/GimbalStabilizerPlugin.dir/src/GimbalStabilizerPlugin.cc.o[0m
[1.700s] [ 50%] [32mBuilding CXX object CMakeFiles/GstCameraPlugin.dir/src/GstCameraPlugin.cc.o[0m
[1.704s] [ 57%] [32mBuilding CXX object CMakeFiles/CameraZoomPlugin.dir/src/CameraZoomPlugin.cc.o[0m
[5.897s] [ 64%] [32m[1mLinking CXX shared library libGimbalStabilizerPlugin.so[0m
[6.083s] [ 64%] Built target GimbalStabilizerPlugin
[6.368s] [ 71%] [32m[1mLinking CXX shared library libParachutePlugin.so[0m
[6.391s] [ 78%] [32m[1mLinking CXX shared library libCameraZoomPlugin.so[0m
[6.416s] [ 85%] [32m[1mLinking CXX shared library libSprayerPlugin.so[0m
[6.578s] [ 85%] Built target ParachutePlugin
[6.600s] [ 85%] Built target CameraZoomPlugin
[6.612s] [ 85%] Built target SprayerPlugin
[6.993s] [ 92%] [32m[1mLinking CXX shared library libGstCameraPlugin.so[0m
[7.232s] [ 92%] Built target GstCameraPlugin
[7.287s] [100%] [32m[1mLinking CXX shared library libArduPilotPlugin.so[0m
[7.499s] [100%] Built target ArduPilotPlugin
[7.508s] Invoked command in '/home/kirillz/Desktop/DEV/arducopter-sim-ros2-gazebo/ardupilot_gazebo/build/ardupilot_gazebo' returned '0': CMAKE_PREFIX_PATH=${CMAKE_PREFIX_PATH}:/opt/ros/jazzy DEBUGINFOD_URLS=https://debuginfod.ubuntu.com VIRTUAL_ENV_PROMPT=(.venv) /usr/bin/cmake --build /home/kirillz/Desktop/DEV/arducopter-sim-ros2-gazebo/ardupilot_gazebo/build/ardupilot_gazebo -- -j16 -l16
[7.515s] Invoking command in '/home/kirillz/Desktop/DEV/arducopter-sim-ros2-gazebo/ardupilot_gazebo/build/ardupilot_gazebo': CMAKE_PREFIX_PATH=${CMAKE_PREFIX_PATH}:/opt/ros/jazzy DEBUGINFOD_URLS=https://debuginfod.ubuntu.com VIRTUAL_ENV_PROMPT=(.venv) /usr/bin/cmake --install /home/kirillz/Desktop/DEV/arducopter-sim-ros2-gazebo/ardupilot_gazebo/build/ardupilot_gazebo
[7.520s] -- Install configuration: ""
[7.520s] -- Installing: /home/kirillz/Desktop/DEV/arducopter-sim-ros2-gazebo/ardupilot_gazebo/install/ardupilot_gazebo/lib/ardupilot_gazebo/libArduPilotPlugin.so
[7.522s] -- Set non-toolchain portion of runtime path of "/home/kirillz/Desktop/DEV/arducopter-sim-ros2-gazebo/ardupilot_gazebo/install/ardupilot_gazebo/lib/ardupilot_gazebo/libArduPilotPlugin.so" to ""
[7.522s] -- Installing: /home/kirillz/Desktop/DEV/arducopter-sim-ros2-gazebo/ardupilot_gazebo/install/ardupilot_gazebo/lib/ardupilot_gazebo/libParachutePlugin.so
[7.523s] -- Set non-toolchain portion of runtime path of "/home/kirillz/Desktop/DEV/arducopter-sim-ros2-gazebo/ardupilot_gazebo/install/ardupilot_gazebo/lib/ardupilot_gazebo/libParachutePlugin.so" to ""
[7.523s] -- Installing: /home/kirillz/Desktop/DEV/arducopter-sim-ros2-gazebo/ardupilot_gazebo/install/ardupilot_gazebo/lib/ardupilot_gazebo/libCameraZoomPlugin.so
[7.524s] -- Set non-toolchain portion of runtime path of "/home/kirillz/Desktop/DEV/arducopter-sim-ros2-gazebo/ardupilot_gazebo/install/ardupilot_gazebo/lib/ardupilot_gazebo/libCameraZoomPlugin.so" to ""
[7.524s] -- Installing: /home/kirillz/Desktop/DEV/arducopter-sim-ros2-gazebo/ardupilot_gazebo/install/ardupilot_gazebo/lib/ardupilot_gazebo/libGimbalStabilizerPlugin.so
[7.525s] -- Set non-toolchain portion of runtime path of "/home/kirillz/Desktop/DEV/arducopter-sim-ros2-gazebo/ardupilot_gazebo/install/ardupilot_gazebo/lib/ardupilot_gazebo/libGimbalStabilizerPlugin.so" to ""
[7.525s] -- Installing: /home/kirillz/Desktop/DEV/arducopter-sim-ros2-gazebo/ardupilot_gazebo/install/ardupilot_gazebo/lib/ardupilot_gazebo/libGstCameraPlugin.so
[7.526s] -- Set non-toolchain portion of runtime path of "/home/kirillz/Desktop/DEV/arducopter-sim-ros2-gazebo/ardupilot_gazebo/install/ardupilot_gazebo/lib/ardupilot_gazebo/libGstCameraPlugin.so" to ""
[7.526s] -- Installing: /home/kirillz/Desktop/DEV/arducopter-sim-ros2-gazebo/ardupilot_gazebo/install/ardupilot_gazebo/lib/ardupilot_gazebo/libSprayerPlugin.so
[7.527s] -- Set non-toolchain portion of runtime path of "/home/kirillz/Desktop/DEV/arducopter-sim-ros2-gazebo/ardupilot_gazebo/install/ardupilot_gazebo/lib/ardupilot_gazebo/libSprayerPlugin.so" to ""
[7.527s] -- Installing: /home/kirillz/Desktop/DEV/arducopter-sim-ros2-gazebo/ardupilot_gazebo/install/ardupilot_gazebo/share/ardupilot_gazebo/config
[7.527s] -- Installing: /home/kirillz/Desktop/DEV/arducopter-sim-ros2-gazebo/ardupilot_gazebo/install/ardupilot_gazebo/share/ardupilot_gazebo/config/gazebo-iris-gimbal.parm
[7.528s] -- Installing: /home/kirillz/Desktop/DEV/arducopter-sim-ros2-gazebo/ardupilot_gazebo/install/ardupilot_gazebo/share/ardupilot_gazebo/models
[7.528s] -- Installing: /home/kirillz/Desktop/DEV/arducopter-sim-ros2-gazebo/ardupilot_gazebo/install/ardupilot_gazebo/share/ardupilot_gazebo/models/runway
[7.528s] -- Installing: /home/kirillz/Desktop/DEV/arducopter-sim-ros2-gazebo/ardupilot_gazebo/install/ardupilot_gazebo/share/ardupilot_gazebo/models/runway/model.config
[7.528s] -- Installing: /home/kirillz/Desktop/DEV/arducopter-sim-ros2-gazebo/ardupilot_gazebo/install/ardupilot_gazebo/share/ardupilot_gazebo/models/runway/meshes
[7.528s] -- Installing: /home/kirillz/Desktop/DEV/arducopter-sim-ros2-gazebo/ardupilot_gazebo/install/ardupilot_gazebo/share/ardupilot_gazebo/models/runway/meshes/airfield.dae
[7.528s] -- Installing: /home/kirillz/Desktop/DEV/arducopter-sim-ros2-gazebo/ardupilot_gazebo/install/ardupilot_gazebo/share/ardupilot_gazebo/models/runway/materials
[7.528s] -- Installing: /home/kirillz/Desktop/DEV/arducopter-sim-ros2-gazebo/ardupilot_gazebo/install/ardupilot_gazebo/share/ardupilot_gazebo/models/runway/materials/textures
[7.528s] -- Installing: /home/kirillz/Desktop/DEV/arducopter-sim-ros2-gazebo/ardupilot_gazebo/install/ardupilot_gazebo/share/ardupilot_gazebo/models/runway/materials/textures/runway.png
[7.528s] -- Installing: /home/kirillz/Desktop/DEV/arducopter-sim-ros2-gazebo/ardupilot_gazebo/install/ardupilot_gazebo/share/ardupilot_gazebo/models/runway/materials/textures/Grass004_2K_Roughness.jpg
[7.529s] -- Installing: /home/kirillz/Desktop/DEV/arducopter-sim-ros2-gazebo/ardupilot_gazebo/install/ardupilot_gazebo/share/ardupilot_gazebo/models/runway/materials/textures/Grass004_2K_NormalGL.jpg
[7.533s] -- Installing: /home/kirillz/Desktop/DEV/arducopter-sim-ros2-gazebo/ardupilot_gazebo/install/ardupilot_gazebo/share/ardupilot_gazebo/models/runway/materials/textures/Grass004_2K_Color copy.jpg
[7.536s] -- Installing: /home/kirillz/Desktop/DEV/arducopter-sim-ros2-gazebo/ardupilot_gazebo/install/ardupilot_gazebo/share/ardupilot_gazebo/models/runway/materials/textures/Grass004_2K_Displacement.jpg
[7.537s] -- Installing: /home/kirillz/Desktop/DEV/arducopter-sim-ros2-gazebo/ardupilot_gazebo/install/ardupilot_gazebo/share/ardupilot_gazebo/models/runway/materials/textures/Grass004_2K_AmbientOcclusion.jpg
[7.539s] -- Installing: /home/kirillz/Desktop/DEV/arducopter-sim-ros2-gazebo/ardupilot_gazebo/install/ardupilot_gazebo/share/ardupilot_gazebo/models/runway/materials/textures/Grass004_2K_Color.jpg
[7.539s] -- Installing: /home/kirillz/Desktop/DEV/arducopter-sim-ros2-gazebo/ardupilot_gazebo/install/ardupilot_gazebo/share/ardupilot_gazebo/models/runway/model.sdf
[7.539s] -- Installing: /home/kirillz/Desktop/DEV/arducopter-sim-ros2-gazebo/ardupilot_gazebo/install/ardupilot_gazebo/share/ardupilot_gazebo/models/gimbal_small_1d
[7.539s] -- Installing: /home/kirillz/Desktop/DEV/arducopter-sim-ros2-gazebo/ardupilot_gazebo/install/ardupilot_gazebo/share/ardupilot_gazebo/models/gimbal_small_1d/model.config
[7.539s] -- Installing: /home/kirillz/Desktop/DEV/arducopter-sim-ros2-gazebo/ardupilot_gazebo/install/ardupilot_gazebo/share/ardupilot_gazebo/models/gimbal_small_1d/meshes
[7.539s] -- Installing: /home/kirillz/Desktop/DEV/arducopter-sim-ros2-gazebo/ardupilot_gazebo/install/ardupilot_gazebo/share/ardupilot_gazebo/models/gimbal_small_1d/meshes/tilt.dae
[7.541s] -- Installing: /home/kirillz/Desktop/DEV/arducopter-sim-ros2-gazebo/ardupilot_gazebo/install/ardupilot_gazebo/share/ardupilot_gazebo/models/gimbal_small_1d/meshes/base_main.dae
[7.543s] -- Installing: /home/kirillz/Desktop/DEV/arducopter-sim-ros2-gazebo/ardupilot_gazebo/install/ardupilot_gazebo/share/ardupilot_gazebo/models/gimbal_small_1d/meshes/base_arm.dae
[7.544s] -- Installing: /home/kirillz/Desktop/DEV/arducopter-sim-ros2-gazebo/ardupilot_gazebo/install/ardupilot_gazebo/share/ardupilot_gazebo/models/gimbal_small_1d/model.sdf
[7.544s] -- Installing: /home/kirillz/Desktop/DEV/arducopter-sim-ros2-gazebo/ardupilot_gazebo/install/ardupilot_gazebo/share/ardupilot_gazebo/models/iris_with_gimbal
[7.544s] -- Installing: /home/kirillz/Desktop/DEV/arducopter-sim-ros2-gazebo/ardupilot_gazebo/install/ardupilot_gazebo/share/ardupilot_gazebo/models/iris_with_gimbal/model.config
[7.544s] -- Installing: /home/kirillz/Desktop/DEV/arducopter-sim-ros2-gazebo/ardupilot_gazebo/install/ardupilot_gazebo/share/ardupilot_gazebo/models/iris_with_gimbal/model.sdf
[7.544s] -- Installing: /home/kirillz/Desktop/DEV/arducopter-sim-ros2-gazebo/ardupilot_gazebo/install/ardupilot_gazebo/share/ardupilot_gazebo/models/zephyr_with_ardupilot
[7.544s] -- Installing: /home/kirillz/Desktop/DEV/arducopter-sim-ros2-gazebo/ardupilot_gazebo/install/ardupilot_gazebo/share/ardupilot_gazebo/models/zephyr_with_ardupilot/model.config
[7.544s] -- Installing: /home/kirillz/Desktop/DEV/arducopter-sim-ros2-gazebo/ardupilot_gazebo/install/ardupilot_gazebo/share/ardupilot_gazebo/models/zephyr_with_ardupilot/model.sdf
[7.545s] -- Installing: /home/kirillz/Desktop/DEV/arducopter-sim-ros2-gazebo/ardupilot_gazebo/install/ardupilot_gazebo/share/ardupilot_gazebo/models/iris_with_standoffs
[7.545s] -- Installing: /home/kirillz/Desktop/DEV/arducopter-sim-ros2-gazebo/ardupilot_gazebo/install/ardupilot_gazebo/share/ardupilot_gazebo/models/iris_with_standoffs/model.config
[7.545s] -- Installing: /home/kirillz/Desktop/DEV/arducopter-sim-ros2-gazebo/ardupilot_gazebo/install/ardupilot_gazebo/share/ardupilot_gazebo/models/iris_with_standoffs/meshes
[7.545s] -- Installing: /home/kirillz/Desktop/DEV/arducopter-sim-ros2-gazebo/ardupilot_gazebo/install/ardupilot_gazebo/share/ardupilot_gazebo/models/iris_with_standoffs/meshes/iris_prop_ccw.dae
[7.545s] -- Installing: /home/kirillz/Desktop/DEV/arducopter-sim-ros2-gazebo/ardupilot_gazebo/install/ardupilot_gazebo/share/ardupilot_gazebo/models/iris_with_standoffs/meshes/iris_prop_cw.dae
[7.545s] -- Installing: /home/kirillz/Desktop/DEV/arducopter-sim-ros2-gazebo/ardupilot_gazebo/install/ardupilot_gazebo/share/ardupilot_gazebo/models/iris_with_standoffs/meshes/iris_collision.stl
[7.545s] -- Installing: /home/kirillz/Desktop/DEV/arducopter-sim-ros2-gazebo/ardupilot_gazebo/install/ardupilot_gazebo/share/ardupilot_gazebo/models/iris_with_standoffs/meshes/iris.dae
[7.553s] -- Installing: /home/kirillz/Desktop/DEV/arducopter-sim-ros2-gazebo/ardupilot_gazebo/install/ardupilot_gazebo/share/ardupilot_gazebo/models/iris_with_standoffs/model.sdf
[7.553s] -- Installing: /home/kirillz/Desktop/DEV/arducopter-sim-ros2-gazebo/ardupilot_gazebo/install/ardupilot_gazebo/share/ardupilot_gazebo/models/iris_with_ardupilot
[7.554s] -- Installing: /home/kirillz/Desktop/DEV/arducopter-sim-ros2-gazebo/ardupilot_gazebo/install/ardupilot_gazebo/share/ardupilot_gazebo/models/iris_with_ardupilot/model.config
[7.554s] -- Installing: /home/kirillz/Desktop/DEV/arducopter-sim-ros2-gazebo/ardupilot_gazebo/install/ardupilot_gazebo/share/ardupilot_gazebo/models/iris_with_ardupilot/model.sdf
[7.554s] -- Installing: /home/kirillz/Desktop/DEV/arducopter-sim-ros2-gazebo/ardupilot_gazebo/install/ardupilot_gazebo/share/ardupilot_gazebo/models/parachute_small
[7.554s] -- Installing: /home/kirillz/Desktop/DEV/arducopter-sim-ros2-gazebo/ardupilot_gazebo/install/ardupilot_gazebo/share/ardupilot_gazebo/models/parachute_small/model.config
[7.554s] -- Installing: /home/kirillz/Desktop/DEV/arducopter-sim-ros2-gazebo/ardupilot_gazebo/install/ardupilot_gazebo/share/ardupilot_gazebo/models/parachute_small/meshes
[7.554s] -- Installing: /home/kirillz/Desktop/DEV/arducopter-sim-ros2-gazebo/ardupilot_gazebo/install/ardupilot_gazebo/share/ardupilot_gazebo/models/parachute_small/meshes/parachute_small.dae
[7.554s] -- Installing: /home/kirillz/Desktop/DEV/arducopter-sim-ros2-gazebo/ardupilot_gazebo/install/ardupilot_gazebo/share/ardupilot_gazebo/models/parachute_small/model.sdf
[7.554s] -- Installing: /home/kirillz/Desktop/DEV/arducopter-sim-ros2-gazebo/ardupilot_gazebo/install/ardupilot_gazebo/share/ardupilot_gazebo/models/zephyr
[7.554s] -- Installing: /home/kirillz/Desktop/DEV/arducopter-sim-ros2-gazebo/ardupilot_gazebo/install/ardupilot_gazebo/share/ardupilot_gazebo/models/zephyr/model.config
[7.554s] -- Installing: /home/kirillz/Desktop/DEV/arducopter-sim-ros2-gazebo/ardupilot_gazebo/install/ardupilot_gazebo/share/ardupilot_gazebo/models/zephyr/meshes
[7.554s] -- Installing: /home/kirillz/Desktop/DEV/arducopter-sim-ros2-gazebo/ardupilot_gazebo/install/ardupilot_gazebo/share/ardupilot_gazebo/models/zephyr/meshes/wing.dae
[7.554s] -- Installing: /home/kirillz/Desktop/DEV/arducopter-sim-ros2-gazebo/ardupilot_gazebo/install/ardupilot_gazebo/share/ardupilot_gazebo/models/zephyr/meshes/parachute_small.dae
[7.554s] -- Installing: /home/kirillz/Desktop/DEV/arducopter-sim-ros2-gazebo/ardupilot_gazebo/install/ardupilot_gazebo/share/ardupilot_gazebo/models/zephyr/materials
[7.554s] -- Installing: /home/kirillz/Desktop/DEV/arducopter-sim-ros2-gazebo/ardupilot_gazebo/install/ardupilot_gazebo/share/ardupilot_gazebo/models/zephyr/materials/textures
[7.554s] -- Installing: /home/kirillz/Desktop/DEV/arducopter-sim-ros2-gazebo/ardupilot_gazebo/install/ardupilot_gazebo/share/ardupilot_gazebo/models/zephyr/materials/textures/wing.png
[7.554s] -- Installing: /home/kirillz/Desktop/DEV/arducopter-sim-ros2-gazebo/ardupilot_gazebo/install/ardupilot_gazebo/share/ardupilot_gazebo/models/zephyr/model.sdf
[7.554s] -- Installing: /home/kirillz/Desktop/DEV/arducopter-sim-ros2-gazebo/ardupilot_gazebo/install/ardupilot_gazebo/share/ardupilot_gazebo/models/zephyr/thumbnails
[7.555s] -- Installing: /home/kirillz/Desktop/DEV/arducopter-sim-ros2-gazebo/ardupilot_gazebo/install/ardupilot_gazebo/share/ardupilot_gazebo/models/zephyr/thumbnails/1.png
[7.555s] -- Installing: /home/kirillz/Desktop/DEV/arducopter-sim-ros2-gazebo/ardupilot_gazebo/install/ardupilot_gazebo/share/ardupilot_gazebo/models/zephyr/thumbnails/3.png
[7.555s] -- Installing: /home/kirillz/Desktop/DEV/arducopter-sim-ros2-gazebo/ardupilot_gazebo/install/ardupilot_gazebo/share/ardupilot_gazebo/models/zephyr/thumbnails/4.png
[7.555s] -- Installing: /home/kirillz/Desktop/DEV/arducopter-sim-ros2-gazebo/ardupilot_gazebo/install/ardupilot_gazebo/share/ardupilot_gazebo/models/zephyr/thumbnails/2.png
[7.555s] -- Installing: /home/kirillz/Desktop/DEV/arducopter-sim-ros2-gazebo/ardupilot_gazebo/install/ardupilot_gazebo/share/ardupilot_gazebo/models/zephyr/thumbnails/5.png
[7.555s] -- Installing: /home/kirillz/Desktop/DEV/arducopter-sim-ros2-gazebo/ardupilot_gazebo/install/ardupilot_gazebo/share/ardupilot_gazebo/models/gimbal_small_2d
[7.555s] -- Installing: /home/kirillz/Desktop/DEV/arducopter-sim-ros2-gazebo/ardupilot_gazebo/install/ardupilot_gazebo/share/ardupilot_gazebo/models/gimbal_small_2d/model.config
[7.555s] -- Installing: /home/kirillz/Desktop/DEV/arducopter-sim-ros2-gazebo/ardupilot_gazebo/install/ardupilot_gazebo/share/ardupilot_gazebo/models/gimbal_small_2d/meshes
[7.555s] -- Installing: /home/kirillz/Desktop/DEV/arducopter-sim-ros2-gazebo/ardupilot_gazebo/install/ardupilot_gazebo/share/ardupilot_gazebo/models/gimbal_small_2d/meshes/tilt.dae
[7.556s] -- Installing: /home/kirillz/Desktop/DEV/arducopter-sim-ros2-gazebo/ardupilot_gazebo/install/ardupilot_gazebo/share/ardupilot_gazebo/models/gimbal_small_2d/meshes/base_main.dae
[7.558s] -- Installing: /home/kirillz/Desktop/DEV/arducopter-sim-ros2-gazebo/ardupilot_gazebo/install/ardupilot_gazebo/share/ardupilot_gazebo/models/gimbal_small_2d/meshes/base_arm.dae
[7.560s] -- Installing: /home/kirillz/Desktop/DEV/arducopter-sim-ros2-gazebo/ardupilot_gazebo/install/ardupilot_gazebo/share/ardupilot_gazebo/models/gimbal_small_2d/model.sdf
[7.560s] -- Installing: /home/kirillz/Desktop/DEV/arducopter-sim-ros2-gazebo/ardupilot_gazebo/install/ardupilot_gazebo/share/ardupilot_gazebo/models/iris_with_sprayer
[7.560s] -- Installing: /home/kirillz/Desktop/DEV/arducopter-sim-ros2-gazebo/ardupilot_gazebo/install/ardupilot_gazebo/share/ardupilot_gazebo/models/iris_with_sprayer/model.config
[7.560s] -- Installing: /home/kirillz/Desktop/DEV/arducopter-sim-ros2-gazebo/ardupilot_gazebo/install/ardupilot_gazebo/share/ardupilot_gazebo/models/iris_with_sprayer/model.sdf
[7.560s] -- Installing: /home/kirillz/Desktop/DEV/arducopter-sim-ros2-gazebo/ardupilot_gazebo/install/ardupilot_gazebo/share/ardupilot_gazebo/models/zephyr_with_parachute
[7.560s] -- Installing: /home/kirillz/Desktop/DEV/arducopter-sim-ros2-gazebo/ardupilot_gazebo/install/ardupilot_gazebo/share/ardupilot_gazebo/models/zephyr_with_parachute/model.config
[7.560s] -- Installing: /home/kirillz/Desktop/DEV/arducopter-sim-ros2-gazebo/ardupilot_gazebo/install/ardupilot_gazebo/share/ardupilot_gazebo/models/zephyr_with_parachute/model.sdf
[7.560s] -- Installing: /home/kirillz/Desktop/DEV/arducopter-sim-ros2-gazebo/ardupilot_gazebo/install/ardupilot_gazebo/share/ardupilot_gazebo/models/gimbal_small_3d
[7.560s] -- Installing: /home/kirillz/Desktop/DEV/arducopter-sim-ros2-gazebo/ardupilot_gazebo/install/ardupilot_gazebo/share/ardupilot_gazebo/models/gimbal_small_3d/model.config
[7.560s] -- Installing: /home/kirillz/Desktop/DEV/arducopter-sim-ros2-gazebo/ardupilot_gazebo/install/ardupilot_gazebo/share/ardupilot_gazebo/models/gimbal_small_3d/meshes
[7.560s] -- Installing: /home/kirillz/Desktop/DEV/arducopter-sim-ros2-gazebo/ardupilot_gazebo/install/ardupilot_gazebo/share/ardupilot_gazebo/models/gimbal_small_3d/meshes/yaw_arm.dae
[7.561s] -- Installing: /home/kirillz/Desktop/DEV/arducopter-sim-ros2-gazebo/ardupilot_gazebo/install/ardupilot_gazebo/share/ardupilot_gazebo/models/gimbal_small_3d/meshes/base_plate.dae
[7.562s] -- Installing: /home/kirillz/Desktop/DEV/arducopter-sim-ros2-gazebo/ardupilot_gazebo/install/ardupilot_gazebo/share/ardupilot_gazebo/models/gimbal_small_3d/meshes/roll_arm.dae
[7.563s] -- Installing: /home/kirillz/Desktop/DEV/arducopter-sim-ros2-gazebo/ardupilot_gazebo/install/ardupilot_gazebo/share/ardupilot_gazebo/models/gimbal_small_3d/meshes/camera_enclosure.dae
[7.563s] -- Installing: /home/kirillz/Desktop/DEV/arducopter-sim-ros2-gazebo/ardupilot_gazebo/install/ardupilot_gazebo/share/ardupilot_gazebo/models/gimbal_small_3d/model.sdf
[7.564s] -- Installing: /home/kirillz/Desktop/DEV/arducopter-sim-ros2-gazebo/ardupilot_gazebo/install/ardupilot_gazebo/share/ardupilot_gazebo/worlds
[7.564s] -- Installing: /home/kirillz/Desktop/DEV/arducopter-sim-ros2-gazebo/ardupilot_gazebo/install/ardupilot_gazebo/share/ardupilot_gazebo/worlds/iris_runway.sdf
[7.564s] -- Installing: /home/kirillz/Desktop/DEV/arducopter-sim-ros2-gazebo/ardupilot_gazebo/install/ardupilot_gazebo/share/ardupilot_gazebo/worlds/iris_sprayer.sdf
[7.564s] -- Installing: /home/kirillz/Desktop/DEV/arducopter-sim-ros2-gazebo/ardupilot_gazebo/install/ardupilot_gazebo/share/ardupilot_gazebo/worlds/zephyr_runway.sdf
[7.564s] -- Installing: /home/kirillz/Desktop/DEV/arducopter-sim-ros2-gazebo/ardupilot_gazebo/install/ardupilot_gazebo/share/ardupilot_gazebo/worlds/gimbal.sdf
[7.564s] -- Installing: /home/kirillz/Desktop/DEV/arducopter-sim-ros2-gazebo/ardupilot_gazebo/install/ardupilot_gazebo/share/ardupilot_gazebo/worlds/iris_warehouse.sdf
[7.564s] -- Installing: /home/kirillz/Desktop/DEV/arducopter-sim-ros2-gazebo/ardupilot_gazebo/install/ardupilot_gazebo/share/ardupilot_gazebo/worlds/zephyr_parachute.sdf
[7.564s] -- Installing: /home/kirillz/Desktop/DEV/arducopter-sim-ros2-gazebo/ardupilot_gazebo/install/ardupilot_gazebo/share/ardupilot_gazebo/environment/ardupilot_gazebo.dsv
[7.564s] -- Installing: /home/kirillz/Desktop/DEV/arducopter-sim-ros2-gazebo/ardupilot_gazebo/install/ardupilot_gazebo/share/ardupilot_gazebo/environment/ardupilot_gazebo.sh
[7.564s] -- Installing: /home/kirillz/Desktop/DEV/arducopter-sim-ros2-gazebo/ardupilot_gazebo/install/ardupilot_gazebo/share/ament_index/resource_index/package_run_dependencies/ardupilot_gazebo
[7.564s] -- Installing: /home/kirillz/Desktop/DEV/arducopter-sim-ros2-gazebo/ardupilot_gazebo/install/ardupilot_gazebo/share/ament_index/resource_index/parent_prefix_path/ardupilot_gazebo
[7.564s] -- Installing: /home/kirillz/Desktop/DEV/arducopter-sim-ros2-gazebo/ardupilot_gazebo/install/ardupilot_gazebo/share/ardupilot_gazebo/environment/ament_prefix_path.sh
[7.564s] -- Installing: /home/kirillz/Desktop/DEV/arducopter-sim-ros2-gazebo/ardupilot_gazebo/install/ardupilot_gazebo/share/ardupilot_gazebo/environment/ament_prefix_path.dsv
[7.564s] -- Installing: /home/kirillz/Desktop/DEV/arducopter-sim-ros2-gazebo/ardupilot_gazebo/install/ardupilot_gazebo/share/ardupilot_gazebo/environment/path.sh
[7.564s] -- Installing: /home/kirillz/Desktop/DEV/arducopter-sim-ros2-gazebo/ardupilot_gazebo/install/ardupilot_gazebo/share/ardupilot_gazebo/environment/path.dsv
[7.565s] -- Installing: /home/kirillz/Desktop/DEV/arducopter-sim-ros2-gazebo/ardupilot_gazebo/install/ardupilot_gazebo/share/ardupilot_gazebo/local_setup.bash
[7.565s] -- Installing: /home/kirillz/Desktop/DEV/arducopter-sim-ros2-gazebo/ardupilot_gazebo/install/ardupilot_gazebo/share/ardupilot_gazebo/local_setup.sh
[7.565s] -- Installing: /home/kirillz/Desktop/DEV/arducopter-sim-ros2-gazebo/ardupilot_gazebo/install/ardupilot_gazebo/share/ardupilot_gazebo/local_setup.zsh
[7.565s] -- Installing: /home/kirillz/Desktop/DEV/arducopter-sim-ros2-gazebo/ardupilot_gazebo/install/ardupilot_gazebo/share/ardupilot_gazebo/local_setup.dsv
[7.565s] -- Installing: /home/kirillz/Desktop/DEV/arducopter-sim-ros2-gazebo/ardupilot_gazebo/install/ardupilot_gazebo/share/ardupilot_gazebo/package.dsv
[7.565s] -- Installing: /home/kirillz/Desktop/DEV/arducopter-sim-ros2-gazebo/ardupilot_gazebo/install/ardupilot_gazebo/share/ament_index/resource_index/packages/ardupilot_gazebo
[7.565s] -- Installing: /home/kirillz/Desktop/DEV/arducopter-sim-ros2-gazebo/ardupilot_gazebo/install/ardupilot_gazebo/share/ardupilot_gazebo/cmake/ardupilot_gazeboConfig.cmake
[7.565s] -- Installing: /home/kirillz/Desktop/DEV/arducopter-sim-ros2-gazebo/ardupilot_gazebo/install/ardupilot_gazebo/share/ardupilot_gazebo/cmake/ardupilot_gazeboConfig-version.cmake
[7.565s] -- Installing: /home/kirillz/Desktop/DEV/arducopter-sim-ros2-gazebo/ardupilot_gazebo/install/ardupilot_gazebo/share/ardupilot_gazebo/package.xml
[7.566s] Invoked command in '/home/kirillz/Desktop/DEV/arducopter-sim-ros2-gazebo/ardupilot_gazebo/build/ardupilot_gazebo' returned '0': CMAKE_PREFIX_PATH=${CMAKE_PREFIX_PATH}:/opt/ros/jazzy DEBUGINFOD_URLS=https://debuginfod.ubuntu.com VIRTUAL_ENV_PROMPT=(.venv) /usr/bin/cmake --install /home/kirillz/Desktop/DEV/arducopter-sim-ros2-gazebo/ardupilot_gazebo/build/ardupilot_gazebo
