[0.007s] Invoking command in '/home/kirillz/Desktop/DEV/arducopter-sim-ros2-gazebo/ardupilot_gazebo/build/ardupilot_gazebo': CMAKE_PREFIX_PATH=${CMAKE_PREFIX_PATH}:/opt/ros/jazzy DEBUGINFOD_URLS=https://debuginfod.ubuntu.com VIRTUAL_ENV_PROMPT=(.venv) /usr/bin/cmake /home/kirillz/Desktop/DEV/arducopter-sim-ros2-gazebo/ardupilot_gazebo -DCMAKE_INSTALL_PREFIX=/home/kirillz/Desktop/DEV/arducopter-sim-ros2-gazebo/ardupilot_gazebo/install/ardupilot_gazebo
[0.108s] -- The C compiler identification is GNU 13.3.0
[0.196s] -- The CXX compiler identification is GNU 13.3.0
[0.216s] -- Detecting C compiler ABI info
[0.288s] -- Detecting C compiler ABI info - done
[0.294s] -- Check for working C compiler: /usr/lib/ccache/cc - skipped
[0.294s] -- Detecting C compile features
[0.295s] -- Detecting C compile features - done
[0.306s] -- Detecting CXX compiler ABI info
[0.373s] -- Detecting CXX compiler ABI info - done
[0.380s] -- Check for working CXX compiler: /usr/lib/ccache/c++ - skipped
[0.380s] -- Detecting CXX compile features
[0.380s] -- Detecting CXX compile features - done
[0.511s] -- Found Python3: /home/kirillz/Desktop/DEV/arducopter-sim-ros2-gazebo/.venv/bin/python3 (found version "3.12.3") found components: Interpreter 
[0.608s] [0mBuilding ardupilot_gazebo as an `ament_cmake` project.[0m
[0.623s] -- Looking for gz-common5 -- found version 5.7.1
[0.623s] -- Searching for dependencies of gz-common5
[0.627s] -- Looking for gz-utils2 -- found version 2.2.1
[0.627s] -- Searching for dependencies of gz-utils2
[0.629s] -- Looking for dlfcn.h - found
[0.638s] -- Looking for libdl - found
[0.639s] -- Found DL: TRUE  
[0.645s] -- Checking for module 'uuid'
[0.666s] --   Found uuid, version 2.39.3
[0.740s] -- Found UUID: TRUE  
[0.741s] -- Looking for gz-common5 - found
[0.741s] 
[0.743s] -- Looking for gz-rendering8 -- found version 8.2.3
[0.743s] -- Searching for dependencies of gz-rendering8
[0.745s] -- Looking for gz-math7 -- found version 7.5.2
[0.746s] -- Searching for dependencies of gz-math7
[0.746s] -- Looking for gz-utils2 -- found version 2.2.1
[0.746s] -- Searching for <gz-math7> component [eigen3]
[0.749s] -- Looking for gz-math7-eigen3 -- found version 7.5.2
[0.749s] -- Searching for dependencies of gz-math7-eigen3
[0.759s] -- Looking for gz-common5 -- found version 5.7.1
[0.759s] -- Searching for dependencies of gz-common5
[0.759s] -- Looking for gz-utils2 -- found version 2.2.1
[0.759s] -- Looking for dlfcn.h - found
[0.759s] -- Looking for libdl - found
[0.766s] -- Searching for <gz-common5> component [graphics]
[0.768s] -- Looking for gz-common5-graphics -- found version 5.7.1
[0.769s] -- Searching for dependencies of gz-common5-graphics
[0.769s] -- Looking for gz-math7 -- found version 7.5.2
[0.775s] -- Found GzAssimp: TRUE (found version "5.3.0") 
[0.776s] -- Searching for <gz-common5> component [events]
[0.778s] -- Looking for gz-common5-events -- found version 5.7.1
[0.778s] -- Searching for dependencies of gz-common5-events
[0.779s] -- Looking for gz-math7 -- found version 7.5.2
[0.779s] -- Searching for <gz-common5> component [geospatial]
[0.781s] -- Looking for gz-common5-geospatial -- found version 5.7.1
[0.781s] -- Searching for dependencies of gz-common5-geospatial
[0.781s] -- Looking for gz-math7 -- found version 7.5.2
[0.782s] -- Looking for gz-common5 -- found version 5.7.1
[0.783s] -- Looking for gz-plugin2 -- found version 2.0.4
[0.783s] -- Searching for dependencies of gz-plugin2
[0.784s] -- Looking for gz-utils2 -- found version 2.2.1
[0.784s] -- Searching for dependencies of gz-utils2
[0.784s] -- Searching for <gz-utils2> component [cli]
[0.787s] -- Looking for gz-utils2-cli -- found version 2.2.1
[0.787s] -- Searching for dependencies of gz-utils2-cli
[0.788s] -- Searching for <gz-plugin2> component [all]
[0.789s] -- Looking for all libraries of gz-plugin2 -- found version 2.0.4
[0.789s] -- Looking for gz-plugin2 -- found version 2.0.4
[0.791s] -- Looking for gz-plugin2-loader -- found version 2.0.4
[0.791s] -- Searching for dependencies of gz-plugin2-loader
[0.792s] -- Looking for gz-plugin2-register -- found version 2.0.4
[0.792s] -- Searching for dependencies of gz-plugin2-register
[0.793s] -- Looking for gz-utils2 -- found version 2.2.1
[0.809s] -- Found OpenGL: /usr/lib/x86_64-linux-gnu/libOpenGL.so  found components: OpenGL 
[0.810s] -- Looking for gz-rendering8 - found
[0.810s] 
[0.813s] -- Looking for gz-sim8 -- found version 8.10.0
[0.813s] -- Searching for dependencies of gz-sim8
[0.814s] -- Looking for sdformat14 -- found version 14.8.0
[0.814s] -- Searching for dependencies of sdformat14
[0.818s] -- Checking for module 'tinyxml2'
[0.829s] --   Found tinyxml2, version 10.0.0
[0.887s] -- Looking for gz-math7 -- found version 7.5.2
[0.888s] -- Looking for gz-utils2 -- found version 2.2.1
[0.890s] -- Looking for gz-plugin2 -- found version 2.0.4
[0.892s] -- Looking for gz-transport13 -- found version 13.5.0
[0.892s] -- Searching for dependencies of gz-transport13
[1.031s] -- Found Protobuf: /usr/lib/x86_64-linux-gnu/libprotobuf.so (found version "3.21.12") 
[1.043s] -- Config-file not installed for ZeroMQ -- checking for pkg-config
[1.046s] -- Checking for module 'libzmq >= 4'
[1.059s] --   Found libzmq, version 4.3.5
[1.097s] -- Found ZeroMQ: TRUE (Required is at least version "4") 
[1.105s] -- Looking for gz-utils2 -- found version 2.2.1
[1.107s] -- Looking for gz-msgs10 -- found version 10.3.2
[1.107s] -- Searching for dependencies of gz-msgs10
[1.124s] -- Looking for gz-utils2 -- found version 2.2.1
[1.124s] -- Looking for gz-math7 -- found version 7.5.2
[1.131s] -- Searching for <gz-transport13> component [log]
[1.132s] -- Looking for gz-transport13-log -- found version 13.5.0
[1.132s] -- Searching for dependencies of gz-transport13-log
[1.132s] -- Searching for <gz-transport13> component [parameters]
[1.133s] -- Looking for gz-transport13-parameters -- found version 13.5.0
[1.133s] -- Searching for dependencies of gz-transport13-parameters
[1.134s] -- Looking for gz-msgs10 -- found version 10.3.2
[1.134s] -- Looking for gz-common5 -- found version 5.7.1
[1.134s] -- Searching for dependencies of gz-common5
[1.135s] -- Looking for gz-utils2 -- found version 2.2.1
[1.135s] -- Looking for dlfcn.h - found
[1.135s] -- Looking for libdl - found
[1.141s] -- Searching for <gz-common5> component [av]
[1.143s] -- Looking for gz-common5-av -- found version 5.7.1
[1.143s] -- Searching for dependencies of gz-common5-av
[1.148s] -- Checking for module 'libswscale'
[1.160s] --   Found libswscale, version 7.5.100
[1.201s] -- Found SWSCALE: TRUE  
[1.209s] -- Checking for module 'libavdevice >= 56.4.100'
[1.251s] --   Found libavdevice, version 60.3.100
[1.368s] -- Found AVDEVICE: TRUE (Required is at least version "56.4.100") 
[1.374s] -- Checking for module 'libavformat'
[1.387s] --   Found libavformat, version 60.16.100
[1.429s] -- Found AVFORMAT: TRUE  
[1.435s] -- Checking for module 'libavcodec'
[1.451s] --   Found libavcodec, version 60.31.102
[1.482s] -- Found AVCODEC: TRUE  
[1.489s] -- Checking for module 'libavutil'
[1.505s] --   Found libavutil, version 58.29.100
[1.582s] -- Found AVUTIL: TRUE  
[1.584s] -- Searching for <gz-common5> component [events]
[1.584s] -- Searching for <gz-common5> component [graphics]
[1.584s] -- Searching for <gz-common5> component [io]
[1.587s] -- Looking for gz-common5-io -- found version 5.7.1
[1.587s] -- Searching for dependencies of gz-common5-io
[1.588s] -- Searching for <gz-common5> component [profiler]
[1.590s] -- Looking for gz-common5-profiler -- found version 5.7.1
[1.590s] -- Searching for dependencies of gz-common5-profiler
[1.592s] -- Looking for gz-fuel_tools9 -- found version 9.1.1
[1.592s] -- Searching for dependencies of gz-fuel_tools9
[1.740s] -- Found CURL: /usr/lib/x86_64-linux-gnu/libcurl.so (found version "8.5.0")  
[1.749s] -- Checking for module 'jsoncpp'
[1.765s] --   Found jsoncpp, version 1.9.5
[1.838s] -- Found JSONCPP: TRUE  
[1.855s] -- Checking for module 'yaml-0.1'
[1.865s] --   Found yaml-0.1, version 0.2.5
[1.926s] -- Found YAML: TRUE  
[1.937s] -- Checking for module 'libzip'
[1.958s] --   Found libzip, version 1.7.3
[2.002s] -- Found ZIP: TRUE  
[2.002s] -- Looking for gz-utils2 -- found version 2.2.1
[2.003s] -- Looking for gz-common5 -- found version 5.7.1
[2.003s] -- Searching for dependencies of gz-common5
[2.003s] -- Looking for gz-utils2 -- found version 2.2.1
[2.003s] -- Looking for dlfcn.h - found
[2.003s] -- Looking for libdl - found
[2.009s] -- Searching for <gz-common5> component [testing]
[2.011s] -- Looking for gz-common5-testing -- found version 5.7.1
[2.011s] -- Searching for dependencies of gz-common5-testing
[2.012s] -- Looking for gz-math7 -- found version 7.5.2
[2.012s] -- Looking for gz-msgs10 -- found version 10.3.2
[2.014s] -- Looking for gz-gui8 -- found version 8.4.0
[2.015s] -- Searching for dependencies of gz-gui8
[2.036s] -- Looking for gz-utils2 -- found version 2.2.1
[2.036s] -- Looking for gz-math7 -- found version 7.5.2
[2.037s] -- Looking for gz-common5 -- found version 5.7.1
[2.037s] -- Looking for gz-plugin2 -- found version 2.0.4
[2.038s] -- Looking for gz-transport13 -- found version 13.5.0
[2.038s] -- Looking for gz-rendering8 -- found version 8.2.3
[2.038s] -- Looking for gz-msgs10 -- found version 10.3.2
[2.074s] -- Looking for gz-physics7 -- found version 7.6.0
[2.074s] -- Searching for dependencies of gz-physics7
[2.074s] -- Looking for gz-common5 -- found version 5.7.1
[2.075s] -- Looking for gz-math7 -- found version 7.5.2
[2.075s] -- Looking for gz-plugin2 -- found version 2.0.4
[2.075s] -- Looking for gz-utils2 -- found version 2.2.1
[2.076s] -- Searching for <gz-physics7> component [heightmap]
[2.077s] -- Looking for gz-physics7-heightmap -- found version 7.6.0
[2.077s] -- Searching for dependencies of gz-physics7-heightmap
[2.077s] -- Looking for gz-common5 -- found version 5.7.1
[2.078s] -- Searching for <gz-physics7> component [mesh]
[2.079s] -- Looking for gz-physics7-mesh -- found version 7.6.0
[2.079s] -- Searching for dependencies of gz-physics7-mesh
[2.079s] -- Looking for gz-common5 -- found version 5.7.1
[2.080s] -- Searching for <gz-physics7> component [sdf]
[2.081s] -- Looking for gz-physics7-sdf -- found version 7.6.0
[2.081s] -- Searching for dependencies of gz-physics7-sdf
[2.081s] -- Looking for sdformat14 -- found version 14.8.0
[2.083s] -- Looking for gz-sensors8 -- found version 8.2.2
[2.083s] -- Searching for dependencies of gz-sensors8
[2.099s] -- Looking for gz-math7 -- found version 7.5.2
[2.099s] -- Looking for gz-common5 -- found version 5.7.1
[2.099s] -- Looking for gz-transport13 -- found version 13.5.0
[2.100s] -- Looking for gz-rendering8 -- found version 8.2.3
[2.100s] -- Looking for gz-msgs10 -- found version 10.3.2
[2.100s] -- Looking for sdformat14 -- found version 14.8.0
[2.101s] -- Searching for <gz-sensors8> component [air_pressure]
[2.102s] -- Looking for gz-sensors8-air_pressure -- found version 8.2.2
[2.102s] -- Searching for dependencies of gz-sensors8-air_pressure
[2.102s] -- Searching for <gz-sensors8> component [air_speed]
[2.103s] -- Looking for gz-sensors8-air_speed -- found version 8.2.2
[2.103s] -- Searching for dependencies of gz-sensors8-air_speed
[2.104s] -- Searching for <gz-sensors8> component [altimeter]
[2.105s] -- Looking for gz-sensors8-altimeter -- found version 8.2.2
[2.105s] -- Searching for dependencies of gz-sensors8-altimeter
[2.105s] -- Searching for <gz-sensors8> component [imu]
[2.107s] -- Looking for gz-sensors8-imu -- found version 8.2.2
[2.107s] -- Searching for dependencies of gz-sensors8-imu
[2.107s] -- Searching for <gz-sensors8> component [force_torque]
[2.108s] -- Looking for gz-sensors8-force_torque -- found version 8.2.2
[2.108s] -- Searching for dependencies of gz-sensors8-force_torque
[2.109s] -- Searching for <gz-sensors8> component [logical_camera]
[2.111s] -- Looking for gz-sensors8-logical_camera -- found version 8.2.2
[2.111s] -- Searching for dependencies of gz-sensors8-logical_camera
[2.111s] -- Searching for <gz-sensors8> component [magnetometer]
[2.113s] -- Looking for gz-sensors8-magnetometer -- found version 8.2.2
[2.113s] -- Searching for dependencies of gz-sensors8-magnetometer
[2.113s] -- Searching for <gz-sensors8> component [navsat]
[2.114s] -- Looking for gz-sensors8-navsat -- found version 8.2.2
[2.115s] -- Searching for dependencies of gz-sensors8-navsat
[2.115s] -- Searching for <gz-sensors8> component [dvl]
[2.116s] -- Looking for gz-sensors8-dvl -- found version 8.2.2
[2.116s] -- Searching for dependencies of gz-sensors8-dvl
[2.117s] -- Looking for gz-sensors8 -- found version 8.2.2
[2.117s] -- Searching for dependencies of gz-sensors8
[2.134s] -- Looking for gz-math7 -- found version 7.5.2
[2.135s] -- Looking for gz-common5 -- found version 5.7.1
[2.135s] -- Looking for gz-transport13 -- found version 13.5.0
[2.136s] -- Looking for gz-rendering8 -- found version 8.2.3
[2.136s] -- Looking for gz-msgs10 -- found version 10.3.2
[2.136s] -- Looking for sdformat14 -- found version 14.8.0
[2.137s] -- Searching for <gz-sensors8> component [rendering]
[2.138s] -- Looking for gz-sensors8-rendering -- found version 8.2.2
[2.138s] -- Searching for dependencies of gz-sensors8-rendering
[2.139s] -- Searching for <gz-sensors8> component [rendering]
[2.139s] -- Searching for <gz-sensors8> component [lidar]
[2.141s] -- Looking for gz-sensors8-lidar -- found version 8.2.2
[2.141s] -- Searching for dependencies of gz-sensors8-lidar
[2.141s] -- Looking for gz-sensors8 -- found version 8.2.2
[2.141s] -- Searching for <gz-sensors8> component [gpu_lidar]
[2.142s] -- Looking for gz-sensors8-gpu_lidar -- found version 8.2.2
[2.142s] -- Searching for dependencies of gz-sensors8-gpu_lidar
[2.143s] -- Looking for gz-sensors8 -- found version 8.2.2
[2.143s] -- Searching for <gz-sensors8> component [camera]
[2.144s] -- Looking for gz-sensors8-camera -- found version 8.2.2
[2.144s] -- Searching for dependencies of gz-sensors8-camera
[2.145s] -- Looking for gz-sensors8 -- found version 8.2.2
[2.145s] -- Searching for <gz-sensors8> component [boundingbox_camera]
[2.146s] -- Looking for gz-sensors8-boundingbox_camera -- found version 8.2.2
[2.146s] -- Searching for dependencies of gz-sensors8-boundingbox_camera
[2.147s] -- Searching for <gz-sensors8> component [segmentation_camera]
[2.148s] -- Looking for gz-sensors8-segmentation_camera -- found version 8.2.2
[2.148s] -- Searching for dependencies of gz-sensors8-segmentation_camera
[2.148s] -- Searching for <gz-sensors8> component [depth_camera]
[2.150s] -- Looking for gz-sensors8-depth_camera -- found version 8.2.2
[2.150s] -- Searching for dependencies of gz-sensors8-depth_camera
[2.150s] -- Looking for gz-sensors8 -- found version 8.2.2
[2.150s] -- Searching for <gz-sensors8> component [rgbd_camera]
[2.151s] -- Looking for gz-sensors8-rgbd_camera -- found version 8.2.2
[2.151s] -- Searching for dependencies of gz-sensors8-rgbd_camera
[2.152s] -- Looking for gz-sensors8 -- found version 8.2.2
[2.152s] -- Searching for <gz-sensors8> component [thermal_camera]
[2.153s] -- Looking for gz-sensors8-thermal_camera -- found version 8.2.2
[2.153s] -- Searching for dependencies of gz-sensors8-thermal_camera
[2.153s] -- Looking for gz-sensors8 -- found version 8.2.2
[2.154s] -- Searching for <gz-sensors8> component [wide_angle_camera]
[2.155s] -- Looking for gz-sensors8-wide_angle_camera -- found version 8.2.2
[2.155s] -- Searching for dependencies of gz-sensors8-wide_angle_camera
[2.156s] -- Looking for gz-rendering8 -- found version 8.2.3
[2.156s] -- Looking for gz-math7 -- found version 7.5.2
[2.156s] -- Looking for gz-utils2 -- found version 2.2.1
[2.176s] -- Looking for gz-sim8 - found
[2.176s] 
[2.176s] -- Compiling against Gazebo Harmonic
[2.179s] -- RapidJSON found. Headers: /usr/include
[2.187s] -- Found OpenCV: /usr (found version "4.6.0") 
[2.187s] -- Checking for modules 'gstreamer-1.0;gstreamer-app-1.0'
[2.206s] --   Found gstreamer-1.0, version 1.24.2
[2.219s] --   Found gstreamer-app-1.0, version 1.24.2
[2.336s] Traceback (most recent call last):
[2.336s]   File "/opt/ros/jazzy/share/ament_cmake_core/cmake/core/package_xml_2_cmake.py", line 22, in <module>
[2.336s]     from catkin_pkg.package import parse_package_string
[2.336s] ModuleNotFoundError: No module named 'catkin_pkg'
[2.338s] [31mCMake Error at /opt/ros/jazzy/share/ament_cmake_core/cmake/core/ament_package_xml.cmake:95 (message):
[2.338s]   
[2.338s]   execute_process(/home/kirillz/Desktop/DEV/arducopter-sim-ros2-gazebo/.venv/bin/python3
[2.338s]   /opt/ros/jazzy/share/ament_cmake_core/cmake/core/package_xml_2_cmake.py
[2.338s]   /home/kirillz/Desktop/DEV/arducopter-sim-ros2-gazebo/ardupilot_gazebo/package.xml
[2.338s]   /home/kirillz/Desktop/DEV/arducopter-sim-ros2-gazebo/ardupilot_gazebo/build/ardupilot_gazebo/ament_cmake_core/package.cmake)
[2.338s]   returned error code 1
[2.338s] Call Stack (most recent call first):
[2.339s]   /opt/ros/jazzy/share/ament_cmake_core/cmake/core/ament_package_xml.cmake:49 (_ament_package_xml)
[2.339s]   /opt/ros/jazzy/share/ament_cmake_core/cmake/core/ament_package.cmake:63 (ament_package_xml)
[2.339s]   CMakeLists.txt:208 (ament_package)
[2.339s] 
[2.339s] [0m
[2.339s] -- Configuring incomplete, errors occurred!
[2.347s] Invoked command in '/home/kirillz/Desktop/DEV/arducopter-sim-ros2-gazebo/ardupilot_gazebo/build/ardupilot_gazebo' returned '1': CMAKE_PREFIX_PATH=${CMAKE_PREFIX_PATH}:/opt/ros/jazzy DEBUGINFOD_URLS=https://debuginfod.ubuntu.com VIRTUAL_ENV_PROMPT=(.venv) /usr/bin/cmake /home/kirillz/Desktop/DEV/arducopter-sim-ros2-gazebo/ardupilot_gazebo -DCMAKE_INSTALL_PREFIX=/home/kirillz/Desktop/DEV/arducopter-sim-ros2-gazebo/ardupilot_gazebo/install/ardupilot_gazebo
