[0.008s] Invoking command in '/home/kirillz/Desktop/DEV/arducopter-sim-ros2-gazebo/ardupilot_gazebo/build/ardupilot_gazebo': CMAKE_PREFIX_PATH=${CMAKE_PREFIX_PATH}:/opt/ros/jazzy DEBUGINFOD_URLS=https://debuginfod.ubuntu.com /usr/bin/cmake /home/kirillz/Desktop/DEV/arducopter-sim-ros2-gazebo/ardupilot_gazebo -DCMAKE_BUILD_TYPE=RelWithDebInfo -DCMAKE_INSTALL_PREFIX=/home/kirillz/Desktop/DEV/arducopter-sim-ros2-gazebo/ardupilot_gazebo/install/ardupilot_gazebo
[0.151s] Building ardupilot_gazebo as an `ament_cmake` project.
[0.155s] -- Looking for gz-common5 -- found version 5.7.1
[0.156s] -- Searching for dependencies of gz-common5
[0.156s] -- Looking for gz-utils2 -- found version 2.2.1
[0.156s] -- Searching for dependencies of gz-utils2
[0.156s] -- Looking for dlfcn.h - found
[0.157s] -- Looking for libdl - found
[0.162s] -- Checking for module 'uuid'
[0.174s] --   Found uuid, version 2.39.3
[0.198s] -- Looking for gz-common5 - found
[0.198s] 
[0.198s] -- Looking for gz-rendering8 -- found version 8.2.3
[0.198s] -- Searching for dependencies of gz-rendering8
[0.199s] -- Looking for gz-math7 -- found version 7.5.2
[0.199s] -- Searching for dependencies of gz-math7
[0.199s] -- Looking for gz-utils2 -- found version 2.2.1
[0.199s] -- Searching for <gz-math7> component [eigen3]
[0.200s] -- Looking for gz-math7-eigen3 -- found version 7.5.2
[0.200s] -- Searching for dependencies of gz-math7-eigen3
[0.201s] -- Looking for gz-common5 -- found version 5.7.1
[0.201s] -- Searching for dependencies of gz-common5
[0.201s] -- Looking for gz-utils2 -- found version 2.2.1
[0.201s] -- Looking for dlfcn.h - found
[0.201s] -- Looking for libdl - found
[0.208s] -- Searching for <gz-common5> component [graphics]
[0.208s] -- Looking for gz-common5-graphics -- found version 5.7.1
[0.208s] -- Searching for dependencies of gz-common5-graphics
[0.209s] -- Looking for gz-math7 -- found version 7.5.2
[0.210s] -- Searching for <gz-common5> component [events]
[0.210s] -- Looking for gz-common5-events -- found version 5.7.1
[0.211s] -- Searching for dependencies of gz-common5-events
[0.211s] -- Looking for gz-math7 -- found version 7.5.2
[0.211s] -- Searching for <gz-common5> component [geospatial]
[0.212s] -- Looking for gz-common5-geospatial -- found version 5.7.1
[0.212s] -- Searching for dependencies of gz-common5-geospatial
[0.212s] -- Looking for gz-math7 -- found version 7.5.2
[0.212s] -- Looking for gz-common5 -- found version 5.7.1
[0.213s] -- Looking for gz-plugin2 -- found version 2.0.4
[0.213s] -- Searching for dependencies of gz-plugin2
[0.214s] -- Looking for gz-utils2 -- found version 2.2.1
[0.214s] -- Searching for dependencies of gz-utils2
[0.214s] -- Searching for <gz-utils2> component [cli]
[0.214s] -- Looking for gz-utils2-cli -- found version 2.2.1
[0.214s] -- Searching for dependencies of gz-utils2-cli
[0.215s] -- Searching for <gz-plugin2> component [all]
[0.216s] -- Looking for all libraries of gz-plugin2 -- found version 2.0.4
[0.216s] -- Looking for gz-plugin2 -- found version 2.0.4
[0.217s] -- Looking for gz-plugin2-loader -- found version 2.0.4
[0.217s] -- Searching for dependencies of gz-plugin2-loader
[0.217s] -- Looking for gz-plugin2-register -- found version 2.0.4
[0.218s] -- Searching for dependencies of gz-plugin2-register
[0.219s] -- Looking for gz-utils2 -- found version 2.2.1
[0.221s] -- Looking for gz-rendering8 - found
[0.221s] 
[0.221s] -- Looking for gz-sim8 -- found version 8.10.0
[0.221s] -- Searching for dependencies of gz-sim8
[0.222s] -- Looking for sdformat14 -- found version 14.8.0
[0.222s] -- Searching for dependencies of sdformat14
[0.226s] -- Checking for module 'tinyxml2'
[0.238s] --   Found tinyxml2, version 10.0.0
[0.260s] -- Looking for gz-math7 -- found version 7.5.2
[0.261s] -- Looking for gz-utils2 -- found version 2.2.1
[0.261s] -- Looking for gz-plugin2 -- found version 2.0.4
[0.261s] -- Looking for gz-transport13 -- found version 13.5.0
[0.261s] -- Searching for dependencies of gz-transport13
[0.289s] -- Config-file not installed for ZeroMQ -- checking for pkg-config
[0.293s] -- Checking for module 'libzmq >= 4'
[0.303s] --   Found libzmq, version 4.3.5
[0.336s] -- Looking for gz-utils2 -- found version 2.2.1
[0.336s] -- Looking for gz-msgs10 -- found version 10.3.2
[0.337s] -- Searching for dependencies of gz-msgs10
[0.354s] -- Looking for gz-utils2 -- found version 2.2.1
[0.354s] -- Looking for gz-math7 -- found version 7.5.2
[0.360s] -- Searching for <gz-transport13> component [log]
[0.360s] -- Looking for gz-transport13-log -- found version 13.5.0
[0.360s] -- Searching for dependencies of gz-transport13-log
[0.361s] -- Searching for <gz-transport13> component [parameters]
[0.361s] -- Looking for gz-transport13-parameters -- found version 13.5.0
[0.361s] -- Searching for dependencies of gz-transport13-parameters
[0.362s] -- Looking for gz-msgs10 -- found version 10.3.2
[0.362s] -- Looking for gz-common5 -- found version 5.7.1
[0.362s] -- Searching for dependencies of gz-common5
[0.362s] -- Looking for gz-utils2 -- found version 2.2.1
[0.362s] -- Looking for dlfcn.h - found
[0.362s] -- Looking for libdl - found
[0.369s] -- Searching for <gz-common5> component [av]
[0.369s] -- Looking for gz-common5-av -- found version 5.7.1
[0.370s] -- Searching for dependencies of gz-common5-av
[0.374s] -- Checking for module 'libswscale'
[0.386s] --   Found libswscale, version 7.5.100
[0.416s] -- Checking for module 'libavdevice >= 56.4.100'
[0.427s] --   Found libavdevice, version 60.3.100
[0.468s] -- Checking for module 'libavformat'
[0.480s] --   Found libavformat, version 60.16.100
[0.511s] -- Checking for module 'libavcodec'
[0.523s] --   Found libavcodec, version 60.31.102
[0.553s] -- Checking for module 'libavutil'
[0.564s] --   Found libavutil, version 58.29.100
[0.588s] -- Searching for <gz-common5> component [events]
[0.588s] -- Searching for <gz-common5> component [graphics]
[0.588s] -- Searching for <gz-common5> component [io]
[0.588s] -- Looking for gz-common5-io -- found version 5.7.1
[0.588s] -- Searching for dependencies of gz-common5-io
[0.588s] -- Searching for <gz-common5> component [profiler]
[0.589s] -- Looking for gz-common5-profiler -- found version 5.7.1
[0.589s] -- Searching for dependencies of gz-common5-profiler
[0.589s] -- Looking for gz-fuel_tools9 -- found version 9.1.1
[0.589s] -- Searching for dependencies of gz-fuel_tools9
[0.633s] -- Checking for module 'jsoncpp'
[0.645s] --   Found jsoncpp, version 1.9.5
[0.683s] -- Checking for module 'yaml-0.1'
[0.694s] --   Found yaml-0.1, version 0.2.5
[0.725s] -- Checking for module 'libzip'
[0.738s] --   Found libzip, version 1.7.3
[0.764s] -- Looking for gz-utils2 -- found version 2.2.1
[0.764s] -- Looking for gz-common5 -- found version 5.7.1
[0.764s] -- Searching for dependencies of gz-common5
[0.764s] -- Looking for gz-utils2 -- found version 2.2.1
[0.764s] -- Looking for dlfcn.h - found
[0.765s] -- Looking for libdl - found
[0.771s] -- Searching for <gz-common5> component [testing]
[0.772s] -- Looking for gz-common5-testing -- found version 5.7.1
[0.772s] -- Searching for dependencies of gz-common5-testing
[0.772s] -- Looking for gz-math7 -- found version 7.5.2
[0.773s] -- Looking for gz-msgs10 -- found version 10.3.2
[0.773s] -- Looking for gz-gui8 -- found version 8.4.0
[0.773s] -- Searching for dependencies of gz-gui8
[0.794s] -- Looking for gz-utils2 -- found version 2.2.1
[0.794s] -- Looking for gz-math7 -- found version 7.5.2
[0.794s] -- Looking for gz-common5 -- found version 5.7.1
[0.795s] -- Looking for gz-plugin2 -- found version 2.0.4
[0.795s] -- Looking for gz-transport13 -- found version 13.5.0
[0.795s] -- Looking for gz-rendering8 -- found version 8.2.3
[0.795s] -- Looking for gz-msgs10 -- found version 10.3.2
[0.808s] -- Looking for gz-physics7 -- found version 7.6.0
[0.808s] -- Searching for dependencies of gz-physics7
[0.808s] -- Looking for gz-common5 -- found version 5.7.1
[0.808s] -- Looking for gz-math7 -- found version 7.5.2
[0.808s] -- Looking for gz-plugin2 -- found version 2.0.4
[0.809s] -- Looking for gz-utils2 -- found version 2.2.1
[0.809s] -- Searching for <gz-physics7> component [heightmap]
[0.810s] -- Looking for gz-physics7-heightmap -- found version 7.6.0
[0.810s] -- Searching for dependencies of gz-physics7-heightmap
[0.810s] -- Looking for gz-common5 -- found version 5.7.1
[0.810s] -- Searching for <gz-physics7> component [mesh]
[0.811s] -- Looking for gz-physics7-mesh -- found version 7.6.0
[0.811s] -- Searching for dependencies of gz-physics7-mesh
[0.811s] -- Looking for gz-common5 -- found version 5.7.1
[0.811s] -- Searching for <gz-physics7> component [sdf]
[0.812s] -- Looking for gz-physics7-sdf -- found version 7.6.0
[0.812s] -- Searching for dependencies of gz-physics7-sdf
[0.812s] -- Looking for sdformat14 -- found version 14.8.0
[0.813s] -- Looking for gz-sensors8 -- found version 8.2.2
[0.813s] -- Searching for dependencies of gz-sensors8
[0.829s] -- Looking for gz-math7 -- found version 7.5.2
[0.829s] -- Looking for gz-common5 -- found version 5.7.1
[0.829s] -- Looking for gz-transport13 -- found version 13.5.0
[0.830s] -- Looking for gz-rendering8 -- found version 8.2.3
[0.830s] -- Looking for gz-msgs10 -- found version 10.3.2
[0.830s] -- Looking for sdformat14 -- found version 14.8.0
[0.831s] -- Searching for <gz-sensors8> component [air_pressure]
[0.832s] -- Looking for gz-sensors8-air_pressure -- found version 8.2.2
[0.832s] -- Searching for dependencies of gz-sensors8-air_pressure
[0.832s] -- Searching for <gz-sensors8> component [air_speed]
[0.832s] -- Looking for gz-sensors8-air_speed -- found version 8.2.2
[0.833s] -- Searching for dependencies of gz-sensors8-air_speed
[0.833s] -- Searching for <gz-sensors8> component [altimeter]
[0.833s] -- Looking for gz-sensors8-altimeter -- found version 8.2.2
[0.833s] -- Searching for dependencies of gz-sensors8-altimeter
[0.834s] -- Searching for <gz-sensors8> component [imu]
[0.834s] -- Looking for gz-sensors8-imu -- found version 8.2.2
[0.834s] -- Searching for dependencies of gz-sensors8-imu
[0.834s] -- Searching for <gz-sensors8> component [force_torque]
[0.835s] -- Looking for gz-sensors8-force_torque -- found version 8.2.2
[0.835s] -- Searching for dependencies of gz-sensors8-force_torque
[0.835s] -- Searching for <gz-sensors8> component [logical_camera]
[0.835s] -- Looking for gz-sensors8-logical_camera -- found version 8.2.2
[0.835s] -- Searching for dependencies of gz-sensors8-logical_camera
[0.836s] -- Searching for <gz-sensors8> component [magnetometer]
[0.836s] -- Looking for gz-sensors8-magnetometer -- found version 8.2.2
[0.836s] -- Searching for dependencies of gz-sensors8-magnetometer
[0.836s] -- Searching for <gz-sensors8> component [navsat]
[0.837s] -- Looking for gz-sensors8-navsat -- found version 8.2.2
[0.837s] -- Searching for dependencies of gz-sensors8-navsat
[0.837s] -- Searching for <gz-sensors8> component [dvl]
[0.837s] -- Looking for gz-sensors8-dvl -- found version 8.2.2
[0.837s] -- Searching for dependencies of gz-sensors8-dvl
[0.838s] -- Looking for gz-sensors8 -- found version 8.2.2
[0.838s] -- Searching for dependencies of gz-sensors8
[0.854s] -- Looking for gz-math7 -- found version 7.5.2
[0.854s] -- Looking for gz-common5 -- found version 5.7.1
[0.855s] -- Looking for gz-transport13 -- found version 13.5.0
[0.855s] -- Looking for gz-rendering8 -- found version 8.2.3
[0.855s] -- Looking for gz-msgs10 -- found version 10.3.2
[0.855s] -- Looking for sdformat14 -- found version 14.8.0
[0.855s] -- Searching for <gz-sensors8> component [rendering]
[0.856s] -- Looking for gz-sensors8-rendering -- found version 8.2.2
[0.856s] -- Searching for dependencies of gz-sensors8-rendering
[0.857s] -- Searching for <gz-sensors8> component [rendering]
[0.857s] -- Searching for <gz-sensors8> component [lidar]
[0.857s] -- Looking for gz-sensors8-lidar -- found version 8.2.2
[0.857s] -- Searching for dependencies of gz-sensors8-lidar
[0.857s] -- Looking for gz-sensors8 -- found version 8.2.2
[0.858s] -- Searching for <gz-sensors8> component [gpu_lidar]
[0.858s] -- Looking for gz-sensors8-gpu_lidar -- found version 8.2.2
[0.858s] -- Searching for dependencies of gz-sensors8-gpu_lidar
[0.858s] -- Looking for gz-sensors8 -- found version 8.2.2
[0.859s] -- Searching for <gz-sensors8> component [camera]
[0.859s] -- Looking for gz-sensors8-camera -- found version 8.2.2
[0.859s] -- Searching for dependencies of gz-sensors8-camera
[0.859s] -- Looking for gz-sensors8 -- found version 8.2.2
[0.860s] -- Searching for <gz-sensors8> component [boundingbox_camera]
[0.860s] -- Looking for gz-sensors8-boundingbox_camera -- found version 8.2.2
[0.860s] -- Searching for dependencies of gz-sensors8-boundingbox_camera
[0.860s] -- Searching for <gz-sensors8> component [segmentation_camera]
[0.861s] -- Looking for gz-sensors8-segmentation_camera -- found version 8.2.2
[0.861s] -- Searching for dependencies of gz-sensors8-segmentation_camera
[0.861s] -- Searching for <gz-sensors8> component [depth_camera]
[0.861s] -- Looking for gz-sensors8-depth_camera -- found version 8.2.2
[0.861s] -- Searching for dependencies of gz-sensors8-depth_camera
[0.862s] -- Looking for gz-sensors8 -- found version 8.2.2
[0.862s] -- Searching for <gz-sensors8> component [rgbd_camera]
[0.862s] -- Looking for gz-sensors8-rgbd_camera -- found version 8.2.2
[0.862s] -- Searching for dependencies of gz-sensors8-rgbd_camera
[0.863s] -- Looking for gz-sensors8 -- found version 8.2.2
[0.863s] -- Searching for <gz-sensors8> component [thermal_camera]
[0.863s] -- Looking for gz-sensors8-thermal_camera -- found version 8.2.2
[0.863s] -- Searching for dependencies of gz-sensors8-thermal_camera
[0.864s] -- Looking for gz-sensors8 -- found version 8.2.2
[0.864s] -- Searching for <gz-sensors8> component [wide_angle_camera]
[0.864s] -- Looking for gz-sensors8-wide_angle_camera -- found version 8.2.2
[0.864s] -- Searching for dependencies of gz-sensors8-wide_angle_camera
[0.865s] -- Looking for gz-rendering8 -- found version 8.2.3
[0.865s] -- Looking for gz-math7 -- found version 7.5.2
[0.866s] -- Looking for gz-utils2 -- found version 2.2.1
[0.884s] -- Looking for gz-sim8 - found
[0.884s] 
[0.884s] -- Compiling against Gazebo Harmonic
[0.884s] -- RapidJSON found. Headers: /usr/include
[0.970s] -- Configuring done (1.0s)
[1.000s] -- Generating done (0.0s)
[1.007s] -- Build files have been written to: /home/kirillz/Desktop/DEV/arducopter-sim-ros2-gazebo/ardupilot_gazebo/build/ardupilot_gazebo
[1.015s] Invoked command in '/home/kirillz/Desktop/DEV/arducopter-sim-ros2-gazebo/ardupilot_gazebo/build/ardupilot_gazebo' returned '0': CMAKE_PREFIX_PATH=${CMAKE_PREFIX_PATH}:/opt/ros/jazzy DEBUGINFOD_URLS=https://debuginfod.ubuntu.com /usr/bin/cmake /home/kirillz/Desktop/DEV/arducopter-sim-ros2-gazebo/ardupilot_gazebo -DCMAKE_BUILD_TYPE=RelWithDebInfo -DCMAKE_INSTALL_PREFIX=/home/kirillz/Desktop/DEV/arducopter-sim-ros2-gazebo/ardupilot_gazebo/install/ardupilot_gazebo
[1.016s] Invoking command in '/home/kirillz/Desktop/DEV/arducopter-sim-ros2-gazebo/ardupilot_gazebo/build/ardupilot_gazebo': CMAKE_PREFIX_PATH=${CMAKE_PREFIX_PATH}:/opt/ros/jazzy DEBUGINFOD_URLS=https://debuginfod.ubuntu.com /usr/bin/cmake --build /home/kirillz/Desktop/DEV/arducopter-sim-ros2-gazebo/ardupilot_gazebo/build/ardupilot_gazebo -- -j16 -l16
[1.061s] [ 14%] Building CXX object CMakeFiles/GimbalStabilizerPlugin.dir/src/GimbalStabilizerPlugin.cc.o
[1.061s] [ 14%] Building CXX object CMakeFiles/SprayerPlugin.dir/src/SprayerPlugin.cc.o
[1.063s] [ 21%] Building CXX object CMakeFiles/ArduPilotPlugin.dir/src/Util.cc.o
[1.064s] [ 28%] Building CXX object CMakeFiles/ParachutePlugin.dir/src/ParachutePlugin.cc.o
[1.065s] [ 35%] Building CXX object CMakeFiles/GstCameraPlugin.dir/src/GstCameraPlugin.cc.o
[1.065s] [ 42%] Building CXX object CMakeFiles/ArduPilotPlugin.dir/src/SocketUDP.cc.o
[1.065s] [ 50%] Building CXX object CMakeFiles/ArduPilotPlugin.dir/src/ArduPilotPlugin.cc.o
[1.067s] [ 57%] Building CXX object CMakeFiles/CameraZoomPlugin.dir/src/CameraZoomPlugin.cc.o
[7.534s] [ 64%] Linking CXX shared library libGimbalStabilizerPlugin.so
[7.703s] [ 64%] Built target GimbalStabilizerPlugin
[8.938s] [ 71%] Linking CXX shared library libParachutePlugin.so
[9.044s] [ 78%] Linking CXX shared library libCameraZoomPlugin.so
[9.149s] [ 78%] Built target ParachutePlugin
[9.161s] [ 85%] Linking CXX shared library libSprayerPlugin.so
[9.239s] [ 85%] Built target CameraZoomPlugin
[9.344s] [ 85%] Built target SprayerPlugin
[10.750s] [ 92%] Linking CXX shared library libGstCameraPlugin.so
[10.985s] [ 92%] Built target GstCameraPlugin
[11.698s] [100%] Linking CXX shared library libArduPilotPlugin.so
[11.889s] [100%] Built target ArduPilotPlugin
[11.897s] Invoked command in '/home/kirillz/Desktop/DEV/arducopter-sim-ros2-gazebo/ardupilot_gazebo/build/ardupilot_gazebo' returned '0': CMAKE_PREFIX_PATH=${CMAKE_PREFIX_PATH}:/opt/ros/jazzy DEBUGINFOD_URLS=https://debuginfod.ubuntu.com /usr/bin/cmake --build /home/kirillz/Desktop/DEV/arducopter-sim-ros2-gazebo/ardupilot_gazebo/build/ardupilot_gazebo -- -j16 -l16
[11.903s] Invoking command in '/home/kirillz/Desktop/DEV/arducopter-sim-ros2-gazebo/ardupilot_gazebo/build/ardupilot_gazebo': CMAKE_PREFIX_PATH=${CMAKE_PREFIX_PATH}:/opt/ros/jazzy DEBUGINFOD_URLS=https://debuginfod.ubuntu.com /usr/bin/cmake --install /home/kirillz/Desktop/DEV/arducopter-sim-ros2-gazebo/ardupilot_gazebo/build/ardupilot_gazebo
[11.909s] -- Install configuration: "RelWithDebInfo"
[11.909s] -- Installing: /home/kirillz/Desktop/DEV/arducopter-sim-ros2-gazebo/ardupilot_gazebo/install/ardupilot_gazebo/lib/ardupilot_gazebo/libArduPilotPlugin.so
[11.914s] -- Set non-toolchain portion of runtime path of "/home/kirillz/Desktop/DEV/arducopter-sim-ros2-gazebo/ardupilot_gazebo/install/ardupilot_gazebo/lib/ardupilot_gazebo/libArduPilotPlugin.so" to ""
[11.915s] -- Installing: /home/kirillz/Desktop/DEV/arducopter-sim-ros2-gazebo/ardupilot_gazebo/install/ardupilot_gazebo/lib/ardupilot_gazebo/libParachutePlugin.so
[11.918s] -- Set non-toolchain portion of runtime path of "/home/kirillz/Desktop/DEV/arducopter-sim-ros2-gazebo/ardupilot_gazebo/install/ardupilot_gazebo/lib/ardupilot_gazebo/libParachutePlugin.so" to ""
[11.918s] -- Installing: /home/kirillz/Desktop/DEV/arducopter-sim-ros2-gazebo/ardupilot_gazebo/install/ardupilot_gazebo/lib/ardupilot_gazebo/libCameraZoomPlugin.so
[11.921s] -- Set non-toolchain portion of runtime path of "/home/kirillz/Desktop/DEV/arducopter-sim-ros2-gazebo/ardupilot_gazebo/install/ardupilot_gazebo/lib/ardupilot_gazebo/libCameraZoomPlugin.so" to ""
[11.921s] -- Installing: /home/kirillz/Desktop/DEV/arducopter-sim-ros2-gazebo/ardupilot_gazebo/install/ardupilot_gazebo/lib/ardupilot_gazebo/libGimbalStabilizerPlugin.so
[11.923s] -- Set non-toolchain portion of runtime path of "/home/kirillz/Desktop/DEV/arducopter-sim-ros2-gazebo/ardupilot_gazebo/install/ardupilot_gazebo/lib/ardupilot_gazebo/libGimbalStabilizerPlugin.so" to ""
[11.923s] -- Installing: /home/kirillz/Desktop/DEV/arducopter-sim-ros2-gazebo/ardupilot_gazebo/install/ardupilot_gazebo/lib/ardupilot_gazebo/libGstCameraPlugin.so
[11.927s] -- Set non-toolchain portion of runtime path of "/home/kirillz/Desktop/DEV/arducopter-sim-ros2-gazebo/ardupilot_gazebo/install/ardupilot_gazebo/lib/ardupilot_gazebo/libGstCameraPlugin.so" to ""
[11.927s] -- Installing: /home/kirillz/Desktop/DEV/arducopter-sim-ros2-gazebo/ardupilot_gazebo/install/ardupilot_gazebo/lib/ardupilot_gazebo/libSprayerPlugin.so
[11.930s] -- Set non-toolchain portion of runtime path of "/home/kirillz/Desktop/DEV/arducopter-sim-ros2-gazebo/ardupilot_gazebo/install/ardupilot_gazebo/lib/ardupilot_gazebo/libSprayerPlugin.so" to ""
[11.930s] -- Up-to-date: /home/kirillz/Desktop/DEV/arducopter-sim-ros2-gazebo/ardupilot_gazebo/install/ardupilot_gazebo/share/ardupilot_gazebo/config
[11.930s] -- Up-to-date: /home/kirillz/Desktop/DEV/arducopter-sim-ros2-gazebo/ardupilot_gazebo/install/ardupilot_gazebo/share/ardupilot_gazebo/config/gazebo-iris-gimbal.parm
[11.930s] -- Up-to-date: /home/kirillz/Desktop/DEV/arducopter-sim-ros2-gazebo/ardupilot_gazebo/install/ardupilot_gazebo/share/ardupilot_gazebo/models
[11.930s] -- Up-to-date: /home/kirillz/Desktop/DEV/arducopter-sim-ros2-gazebo/ardupilot_gazebo/install/ardupilot_gazebo/share/ardupilot_gazebo/models/runway
[11.930s] -- Up-to-date: /home/kirillz/Desktop/DEV/arducopter-sim-ros2-gazebo/ardupilot_gazebo/install/ardupilot_gazebo/share/ardupilot_gazebo/models/runway/model.config
[11.930s] -- Up-to-date: /home/kirillz/Desktop/DEV/arducopter-sim-ros2-gazebo/ardupilot_gazebo/install/ardupilot_gazebo/share/ardupilot_gazebo/models/runway/meshes
[11.930s] -- Up-to-date: /home/kirillz/Desktop/DEV/arducopter-sim-ros2-gazebo/ardupilot_gazebo/install/ardupilot_gazebo/share/ardupilot_gazebo/models/runway/meshes/airfield.dae
[11.930s] -- Up-to-date: /home/kirillz/Desktop/DEV/arducopter-sim-ros2-gazebo/ardupilot_gazebo/install/ardupilot_gazebo/share/ardupilot_gazebo/models/runway/materials
[11.930s] -- Up-to-date: /home/kirillz/Desktop/DEV/arducopter-sim-ros2-gazebo/ardupilot_gazebo/install/ardupilot_gazebo/share/ardupilot_gazebo/models/runway/materials/textures
[11.930s] -- Up-to-date: /home/kirillz/Desktop/DEV/arducopter-sim-ros2-gazebo/ardupilot_gazebo/install/ardupilot_gazebo/share/ardupilot_gazebo/models/runway/materials/textures/runway.png
[11.930s] -- Up-to-date: /home/kirillz/Desktop/DEV/arducopter-sim-ros2-gazebo/ardupilot_gazebo/install/ardupilot_gazebo/share/ardupilot_gazebo/models/runway/materials/textures/Grass004_2K_Roughness.jpg
[11.930s] -- Up-to-date: /home/kirillz/Desktop/DEV/arducopter-sim-ros2-gazebo/ardupilot_gazebo/install/ardupilot_gazebo/share/ardupilot_gazebo/models/runway/materials/textures/Grass004_2K_NormalGL.jpg
[11.930s] -- Up-to-date: /home/kirillz/Desktop/DEV/arducopter-sim-ros2-gazebo/ardupilot_gazebo/install/ardupilot_gazebo/share/ardupilot_gazebo/models/runway/materials/textures/Grass004_2K_Color copy.jpg
[11.931s] -- Up-to-date: /home/kirillz/Desktop/DEV/arducopter-sim-ros2-gazebo/ardupilot_gazebo/install/ardupilot_gazebo/share/ardupilot_gazebo/models/runway/materials/textures/Grass004_2K_Displacement.jpg
[11.931s] -- Up-to-date: /home/kirillz/Desktop/DEV/arducopter-sim-ros2-gazebo/ardupilot_gazebo/install/ardupilot_gazebo/share/ardupilot_gazebo/models/runway/materials/textures/Grass004_2K_AmbientOcclusion.jpg
[11.931s] -- Up-to-date: /home/kirillz/Desktop/DEV/arducopter-sim-ros2-gazebo/ardupilot_gazebo/install/ardupilot_gazebo/share/ardupilot_gazebo/models/runway/materials/textures/Grass004_2K_Color.jpg
[11.931s] -- Up-to-date: /home/kirillz/Desktop/DEV/arducopter-sim-ros2-gazebo/ardupilot_gazebo/install/ardupilot_gazebo/share/ardupilot_gazebo/models/runway/model.sdf
[11.932s] -- Up-to-date: /home/kirillz/Desktop/DEV/arducopter-sim-ros2-gazebo/ardupilot_gazebo/install/ardupilot_gazebo/share/ardupilot_gazebo/models/gimbal_small_1d
[11.932s] -- Up-to-date: /home/kirillz/Desktop/DEV/arducopter-sim-ros2-gazebo/ardupilot_gazebo/install/ardupilot_gazebo/share/ardupilot_gazebo/models/gimbal_small_1d/model.config
[11.932s] -- Up-to-date: /home/kirillz/Desktop/DEV/arducopter-sim-ros2-gazebo/ardupilot_gazebo/install/ardupilot_gazebo/share/ardupilot_gazebo/models/gimbal_small_1d/meshes
[11.932s] -- Up-to-date: /home/kirillz/Desktop/DEV/arducopter-sim-ros2-gazebo/ardupilot_gazebo/install/ardupilot_gazebo/share/ardupilot_gazebo/models/gimbal_small_1d/meshes/tilt.dae
[11.932s] -- Up-to-date: /home/kirillz/Desktop/DEV/arducopter-sim-ros2-gazebo/ardupilot_gazebo/install/ardupilot_gazebo/share/ardupilot_gazebo/models/gimbal_small_1d/meshes/base_main.dae
[11.932s] -- Up-to-date: /home/kirillz/Desktop/DEV/arducopter-sim-ros2-gazebo/ardupilot_gazebo/install/ardupilot_gazebo/share/ardupilot_gazebo/models/gimbal_small_1d/meshes/base_arm.dae
[11.932s] -- Up-to-date: /home/kirillz/Desktop/DEV/arducopter-sim-ros2-gazebo/ardupilot_gazebo/install/ardupilot_gazebo/share/ardupilot_gazebo/models/gimbal_small_1d/model.sdf
[11.932s] -- Up-to-date: /home/kirillz/Desktop/DEV/arducopter-sim-ros2-gazebo/ardupilot_gazebo/install/ardupilot_gazebo/share/ardupilot_gazebo/models/iris_with_gimbal
[11.932s] -- Up-to-date: /home/kirillz/Desktop/DEV/arducopter-sim-ros2-gazebo/ardupilot_gazebo/install/ardupilot_gazebo/share/ardupilot_gazebo/models/iris_with_gimbal/model.config
[11.932s] -- Up-to-date: /home/kirillz/Desktop/DEV/arducopter-sim-ros2-gazebo/ardupilot_gazebo/install/ardupilot_gazebo/share/ardupilot_gazebo/models/iris_with_gimbal/model.sdf
[11.932s] -- Up-to-date: /home/kirillz/Desktop/DEV/arducopter-sim-ros2-gazebo/ardupilot_gazebo/install/ardupilot_gazebo/share/ardupilot_gazebo/models/zephyr_with_ardupilot
[11.932s] -- Up-to-date: /home/kirillz/Desktop/DEV/arducopter-sim-ros2-gazebo/ardupilot_gazebo/install/ardupilot_gazebo/share/ardupilot_gazebo/models/zephyr_with_ardupilot/model.config
[11.932s] -- Up-to-date: /home/kirillz/Desktop/DEV/arducopter-sim-ros2-gazebo/ardupilot_gazebo/install/ardupilot_gazebo/share/ardupilot_gazebo/models/zephyr_with_ardupilot/model.sdf
[11.932s] -- Up-to-date: /home/kirillz/Desktop/DEV/arducopter-sim-ros2-gazebo/ardupilot_gazebo/install/ardupilot_gazebo/share/ardupilot_gazebo/models/iris_with_standoffs
[11.932s] -- Up-to-date: /home/kirillz/Desktop/DEV/arducopter-sim-ros2-gazebo/ardupilot_gazebo/install/ardupilot_gazebo/share/ardupilot_gazebo/models/iris_with_standoffs/model.config
[11.932s] -- Up-to-date: /home/kirillz/Desktop/DEV/arducopter-sim-ros2-gazebo/ardupilot_gazebo/install/ardupilot_gazebo/share/ardupilot_gazebo/models/iris_with_standoffs/meshes
[11.932s] -- Up-to-date: /home/kirillz/Desktop/DEV/arducopter-sim-ros2-gazebo/ardupilot_gazebo/install/ardupilot_gazebo/share/ardupilot_gazebo/models/iris_with_standoffs/meshes/iris_prop_ccw.dae
[11.932s] -- Up-to-date: /home/kirillz/Desktop/DEV/arducopter-sim-ros2-gazebo/ardupilot_gazebo/install/ardupilot_gazebo/share/ardupilot_gazebo/models/iris_with_standoffs/meshes/iris_prop_cw.dae
[11.932s] -- Up-to-date: /home/kirillz/Desktop/DEV/arducopter-sim-ros2-gazebo/ardupilot_gazebo/install/ardupilot_gazebo/share/ardupilot_gazebo/models/iris_with_standoffs/meshes/iris_collision.stl
[11.932s] -- Up-to-date: /home/kirillz/Desktop/DEV/arducopter-sim-ros2-gazebo/ardupilot_gazebo/install/ardupilot_gazebo/share/ardupilot_gazebo/models/iris_with_standoffs/meshes/iris.dae
[11.932s] -- Up-to-date: /home/kirillz/Desktop/DEV/arducopter-sim-ros2-gazebo/ardupilot_gazebo/install/ardupilot_gazebo/share/ardupilot_gazebo/models/iris_with_standoffs/model.sdf
[11.932s] -- Up-to-date: /home/kirillz/Desktop/DEV/arducopter-sim-ros2-gazebo/ardupilot_gazebo/install/ardupilot_gazebo/share/ardupilot_gazebo/models/iris_with_ardupilot
[11.932s] -- Up-to-date: /home/kirillz/Desktop/DEV/arducopter-sim-ros2-gazebo/ardupilot_gazebo/install/ardupilot_gazebo/share/ardupilot_gazebo/models/iris_with_ardupilot/model.config
[11.932s] -- Up-to-date: /home/kirillz/Desktop/DEV/arducopter-sim-ros2-gazebo/ardupilot_gazebo/install/ardupilot_gazebo/share/ardupilot_gazebo/models/iris_with_ardupilot/model.sdf
[11.933s] -- Up-to-date: /home/kirillz/Desktop/DEV/arducopter-sim-ros2-gazebo/ardupilot_gazebo/install/ardupilot_gazebo/share/ardupilot_gazebo/models/parachute_small
[11.933s] -- Up-to-date: /home/kirillz/Desktop/DEV/arducopter-sim-ros2-gazebo/ardupilot_gazebo/install/ardupilot_gazebo/share/ardupilot_gazebo/models/parachute_small/model.config
[11.933s] -- Up-to-date: /home/kirillz/Desktop/DEV/arducopter-sim-ros2-gazebo/ardupilot_gazebo/install/ardupilot_gazebo/share/ardupilot_gazebo/models/parachute_small/meshes
[11.933s] -- Up-to-date: /home/kirillz/Desktop/DEV/arducopter-sim-ros2-gazebo/ardupilot_gazebo/install/ardupilot_gazebo/share/ardupilot_gazebo/models/parachute_small/meshes/parachute_small.dae
[11.933s] -- Up-to-date: /home/kirillz/Desktop/DEV/arducopter-sim-ros2-gazebo/ardupilot_gazebo/install/ardupilot_gazebo/share/ardupilot_gazebo/models/parachute_small/model.sdf
[11.933s] -- Up-to-date: /home/kirillz/Desktop/DEV/arducopter-sim-ros2-gazebo/ardupilot_gazebo/install/ardupilot_gazebo/share/ardupilot_gazebo/models/zephyr
[11.933s] -- Up-to-date: /home/kirillz/Desktop/DEV/arducopter-sim-ros2-gazebo/ardupilot_gazebo/install/ardupilot_gazebo/share/ardupilot_gazebo/models/zephyr/model.config
[11.933s] -- Up-to-date: /home/kirillz/Desktop/DEV/arducopter-sim-ros2-gazebo/ardupilot_gazebo/install/ardupilot_gazebo/share/ardupilot_gazebo/models/zephyr/meshes
[11.933s] -- Up-to-date: /home/kirillz/Desktop/DEV/arducopter-sim-ros2-gazebo/ardupilot_gazebo/install/ardupilot_gazebo/share/ardupilot_gazebo/models/zephyr/meshes/wing.dae
[11.933s] -- Up-to-date: /home/kirillz/Desktop/DEV/arducopter-sim-ros2-gazebo/ardupilot_gazebo/install/ardupilot_gazebo/share/ardupilot_gazebo/models/zephyr/meshes/parachute_small.dae
[11.933s] -- Up-to-date: /home/kirillz/Desktop/DEV/arducopter-sim-ros2-gazebo/ardupilot_gazebo/install/ardupilot_gazebo/share/ardupilot_gazebo/models/zephyr/materials
[11.933s] -- Up-to-date: /home/kirillz/Desktop/DEV/arducopter-sim-ros2-gazebo/ardupilot_gazebo/install/ardupilot_gazebo/share/ardupilot_gazebo/models/zephyr/materials/textures
[11.933s] -- Up-to-date: /home/kirillz/Desktop/DEV/arducopter-sim-ros2-gazebo/ardupilot_gazebo/install/ardupilot_gazebo/share/ardupilot_gazebo/models/zephyr/materials/textures/wing.png
[11.933s] -- Up-to-date: /home/kirillz/Desktop/DEV/arducopter-sim-ros2-gazebo/ardupilot_gazebo/install/ardupilot_gazebo/share/ardupilot_gazebo/models/zephyr/model.sdf
[11.933s] -- Up-to-date: /home/kirillz/Desktop/DEV/arducopter-sim-ros2-gazebo/ardupilot_gazebo/install/ardupilot_gazebo/share/ardupilot_gazebo/models/zephyr/thumbnails
[11.933s] -- Up-to-date: /home/kirillz/Desktop/DEV/arducopter-sim-ros2-gazebo/ardupilot_gazebo/install/ardupilot_gazebo/share/ardupilot_gazebo/models/zephyr/thumbnails/1.png
[11.933s] -- Up-to-date: /home/kirillz/Desktop/DEV/arducopter-sim-ros2-gazebo/ardupilot_gazebo/install/ardupilot_gazebo/share/ardupilot_gazebo/models/zephyr/thumbnails/3.png
[11.933s] -- Up-to-date: /home/kirillz/Desktop/DEV/arducopter-sim-ros2-gazebo/ardupilot_gazebo/install/ardupilot_gazebo/share/ardupilot_gazebo/models/zephyr/thumbnails/4.png
[11.933s] -- Up-to-date: /home/kirillz/Desktop/DEV/arducopter-sim-ros2-gazebo/ardupilot_gazebo/install/ardupilot_gazebo/share/ardupilot_gazebo/models/zephyr/thumbnails/2.png
[11.933s] -- Up-to-date: /home/kirillz/Desktop/DEV/arducopter-sim-ros2-gazebo/ardupilot_gazebo/install/ardupilot_gazebo/share/ardupilot_gazebo/models/zephyr/thumbnails/5.png
[11.933s] -- Up-to-date: /home/kirillz/Desktop/DEV/arducopter-sim-ros2-gazebo/ardupilot_gazebo/install/ardupilot_gazebo/share/ardupilot_gazebo/models/gimbal_small_2d
[11.933s] -- Up-to-date: /home/kirillz/Desktop/DEV/arducopter-sim-ros2-gazebo/ardupilot_gazebo/install/ardupilot_gazebo/share/ardupilot_gazebo/models/gimbal_small_2d/model.config
[11.933s] -- Up-to-date: /home/kirillz/Desktop/DEV/arducopter-sim-ros2-gazebo/ardupilot_gazebo/install/ardupilot_gazebo/share/ardupilot_gazebo/models/gimbal_small_2d/meshes
[11.933s] -- Up-to-date: /home/kirillz/Desktop/DEV/arducopter-sim-ros2-gazebo/ardupilot_gazebo/install/ardupilot_gazebo/share/ardupilot_gazebo/models/gimbal_small_2d/meshes/tilt.dae
[11.933s] -- Up-to-date: /home/kirillz/Desktop/DEV/arducopter-sim-ros2-gazebo/ardupilot_gazebo/install/ardupilot_gazebo/share/ardupilot_gazebo/models/gimbal_small_2d/meshes/base_main.dae
[11.933s] -- Up-to-date: /home/kirillz/Desktop/DEV/arducopter-sim-ros2-gazebo/ardupilot_gazebo/install/ardupilot_gazebo/share/ardupilot_gazebo/models/gimbal_small_2d/meshes/base_arm.dae
[11.933s] -- Up-to-date: /home/kirillz/Desktop/DEV/arducopter-sim-ros2-gazebo/ardupilot_gazebo/install/ardupilot_gazebo/share/ardupilot_gazebo/models/gimbal_small_2d/model.sdf
[11.933s] -- Up-to-date: /home/kirillz/Desktop/DEV/arducopter-sim-ros2-gazebo/ardupilot_gazebo/install/ardupilot_gazebo/share/ardupilot_gazebo/models/iris_with_sprayer
[11.934s] -- Up-to-date: /home/kirillz/Desktop/DEV/arducopter-sim-ros2-gazebo/ardupilot_gazebo/install/ardupilot_gazebo/share/ardupilot_gazebo/models/iris_with_sprayer/model.config
[11.934s] -- Up-to-date: /home/kirillz/Desktop/DEV/arducopter-sim-ros2-gazebo/ardupilot_gazebo/install/ardupilot_gazebo/share/ardupilot_gazebo/models/iris_with_sprayer/model.sdf
[11.934s] -- Up-to-date: /home/kirillz/Desktop/DEV/arducopter-sim-ros2-gazebo/ardupilot_gazebo/install/ardupilot_gazebo/share/ardupilot_gazebo/models/zephyr_with_parachute
[11.934s] -- Up-to-date: /home/kirillz/Desktop/DEV/arducopter-sim-ros2-gazebo/ardupilot_gazebo/install/ardupilot_gazebo/share/ardupilot_gazebo/models/zephyr_with_parachute/model.config
[11.934s] -- Up-to-date: /home/kirillz/Desktop/DEV/arducopter-sim-ros2-gazebo/ardupilot_gazebo/install/ardupilot_gazebo/share/ardupilot_gazebo/models/zephyr_with_parachute/model.sdf
[11.934s] -- Up-to-date: /home/kirillz/Desktop/DEV/arducopter-sim-ros2-gazebo/ardupilot_gazebo/install/ardupilot_gazebo/share/ardupilot_gazebo/models/gimbal_small_3d
[11.934s] -- Up-to-date: /home/kirillz/Desktop/DEV/arducopter-sim-ros2-gazebo/ardupilot_gazebo/install/ardupilot_gazebo/share/ardupilot_gazebo/models/gimbal_small_3d/model.config
[11.934s] -- Up-to-date: /home/kirillz/Desktop/DEV/arducopter-sim-ros2-gazebo/ardupilot_gazebo/install/ardupilot_gazebo/share/ardupilot_gazebo/models/gimbal_small_3d/meshes
[11.934s] -- Up-to-date: /home/kirillz/Desktop/DEV/arducopter-sim-ros2-gazebo/ardupilot_gazebo/install/ardupilot_gazebo/share/ardupilot_gazebo/models/gimbal_small_3d/meshes/yaw_arm.dae
[11.934s] -- Up-to-date: /home/kirillz/Desktop/DEV/arducopter-sim-ros2-gazebo/ardupilot_gazebo/install/ardupilot_gazebo/share/ardupilot_gazebo/models/gimbal_small_3d/meshes/base_plate.dae
[11.934s] -- Up-to-date: /home/kirillz/Desktop/DEV/arducopter-sim-ros2-gazebo/ardupilot_gazebo/install/ardupilot_gazebo/share/ardupilot_gazebo/models/gimbal_small_3d/meshes/roll_arm.dae
[11.934s] -- Up-to-date: /home/kirillz/Desktop/DEV/arducopter-sim-ros2-gazebo/ardupilot_gazebo/install/ardupilot_gazebo/share/ardupilot_gazebo/models/gimbal_small_3d/meshes/camera_enclosure.dae
[11.934s] -- Up-to-date: /home/kirillz/Desktop/DEV/arducopter-sim-ros2-gazebo/ardupilot_gazebo/install/ardupilot_gazebo/share/ardupilot_gazebo/models/gimbal_small_3d/model.sdf
[11.934s] -- Up-to-date: /home/kirillz/Desktop/DEV/arducopter-sim-ros2-gazebo/ardupilot_gazebo/install/ardupilot_gazebo/share/ardupilot_gazebo/worlds
[11.934s] -- Up-to-date: /home/kirillz/Desktop/DEV/arducopter-sim-ros2-gazebo/ardupilot_gazebo/install/ardupilot_gazebo/share/ardupilot_gazebo/worlds/iris_runway.sdf
[11.934s] -- Up-to-date: /home/kirillz/Desktop/DEV/arducopter-sim-ros2-gazebo/ardupilot_gazebo/install/ardupilot_gazebo/share/ardupilot_gazebo/worlds/iris_sprayer.sdf
[11.934s] -- Up-to-date: /home/kirillz/Desktop/DEV/arducopter-sim-ros2-gazebo/ardupilot_gazebo/install/ardupilot_gazebo/share/ardupilot_gazebo/worlds/zephyr_runway.sdf
[11.934s] -- Up-to-date: /home/kirillz/Desktop/DEV/arducopter-sim-ros2-gazebo/ardupilot_gazebo/install/ardupilot_gazebo/share/ardupilot_gazebo/worlds/gimbal.sdf
[11.934s] -- Up-to-date: /home/kirillz/Desktop/DEV/arducopter-sim-ros2-gazebo/ardupilot_gazebo/install/ardupilot_gazebo/share/ardupilot_gazebo/worlds/iris_warehouse.sdf
[11.934s] -- Up-to-date: /home/kirillz/Desktop/DEV/arducopter-sim-ros2-gazebo/ardupilot_gazebo/install/ardupilot_gazebo/share/ardupilot_gazebo/worlds/zephyr_parachute.sdf
[11.934s] -- Up-to-date: /home/kirillz/Desktop/DEV/arducopter-sim-ros2-gazebo/ardupilot_gazebo/install/ardupilot_gazebo/share/ardupilot_gazebo/environment/ardupilot_gazebo.dsv
[11.934s] -- Up-to-date: /home/kirillz/Desktop/DEV/arducopter-sim-ros2-gazebo/ardupilot_gazebo/install/ardupilot_gazebo/share/ardupilot_gazebo/environment/ardupilot_gazebo.sh
[11.934s] -- Up-to-date: /home/kirillz/Desktop/DEV/arducopter-sim-ros2-gazebo/ardupilot_gazebo/install/ardupilot_gazebo/share/ament_index/resource_index/package_run_dependencies/ardupilot_gazebo
[11.934s] -- Up-to-date: /home/kirillz/Desktop/DEV/arducopter-sim-ros2-gazebo/ardupilot_gazebo/install/ardupilot_gazebo/share/ament_index/resource_index/parent_prefix_path/ardupilot_gazebo
[11.934s] -- Up-to-date: /home/kirillz/Desktop/DEV/arducopter-sim-ros2-gazebo/ardupilot_gazebo/install/ardupilot_gazebo/share/ardupilot_gazebo/environment/ament_prefix_path.sh
[11.934s] -- Up-to-date: /home/kirillz/Desktop/DEV/arducopter-sim-ros2-gazebo/ardupilot_gazebo/install/ardupilot_gazebo/share/ardupilot_gazebo/environment/ament_prefix_path.dsv
[11.934s] -- Up-to-date: /home/kirillz/Desktop/DEV/arducopter-sim-ros2-gazebo/ardupilot_gazebo/install/ardupilot_gazebo/share/ardupilot_gazebo/environment/path.sh
[11.934s] -- Up-to-date: /home/kirillz/Desktop/DEV/arducopter-sim-ros2-gazebo/ardupilot_gazebo/install/ardupilot_gazebo/share/ardupilot_gazebo/environment/path.dsv
[11.935s] -- Up-to-date: /home/kirillz/Desktop/DEV/arducopter-sim-ros2-gazebo/ardupilot_gazebo/install/ardupilot_gazebo/share/ardupilot_gazebo/local_setup.bash
[11.935s] -- Up-to-date: /home/kirillz/Desktop/DEV/arducopter-sim-ros2-gazebo/ardupilot_gazebo/install/ardupilot_gazebo/share/ardupilot_gazebo/local_setup.sh
[11.935s] -- Up-to-date: /home/kirillz/Desktop/DEV/arducopter-sim-ros2-gazebo/ardupilot_gazebo/install/ardupilot_gazebo/share/ardupilot_gazebo/local_setup.zsh
[11.935s] -- Up-to-date: /home/kirillz/Desktop/DEV/arducopter-sim-ros2-gazebo/ardupilot_gazebo/install/ardupilot_gazebo/share/ardupilot_gazebo/local_setup.dsv
[11.935s] -- Installing: /home/kirillz/Desktop/DEV/arducopter-sim-ros2-gazebo/ardupilot_gazebo/install/ardupilot_gazebo/share/ardupilot_gazebo/package.dsv
[11.935s] -- Up-to-date: /home/kirillz/Desktop/DEV/arducopter-sim-ros2-gazebo/ardupilot_gazebo/install/ardupilot_gazebo/share/ament_index/resource_index/packages/ardupilot_gazebo
[11.935s] -- Up-to-date: /home/kirillz/Desktop/DEV/arducopter-sim-ros2-gazebo/ardupilot_gazebo/install/ardupilot_gazebo/share/ardupilot_gazebo/cmake/ardupilot_gazeboConfig.cmake
[11.935s] -- Up-to-date: /home/kirillz/Desktop/DEV/arducopter-sim-ros2-gazebo/ardupilot_gazebo/install/ardupilot_gazebo/share/ardupilot_gazebo/cmake/ardupilot_gazeboConfig-version.cmake
[11.935s] -- Up-to-date: /home/kirillz/Desktop/DEV/arducopter-sim-ros2-gazebo/ardupilot_gazebo/install/ardupilot_gazebo/share/ardupilot_gazebo/package.xml
[11.935s] Invoked command in '/home/kirillz/Desktop/DEV/arducopter-sim-ros2-gazebo/ardupilot_gazebo/build/ardupilot_gazebo' returned '0': CMAKE_PREFIX_PATH=${CMAKE_PREFIX_PATH}:/opt/ros/jazzy DEBUGINFOD_URLS=https://debuginfod.ubuntu.com /usr/bin/cmake --install /home/kirillz/Desktop/DEV/arducopter-sim-ros2-gazebo/ardupilot_gazebo/build/ardupilot_gazebo
