[0.007s] Invoking command in '/home/kirillz/Desktop/DEV/arducopter-sim-ros2-gazebo/ardupilot_gazebo/build/ardupilot_gazebo': CMAKE_PREFIX_PATH=${CMAKE_PREFIX_PATH}:/opt/ros/jazzy DEBUGINFOD_URLS=https://debuginfod.ubuntu.com /usr/bin/cmake /home/kirillz/Desktop/DEV/arducopter-sim-ros2-gazebo/ardupilot_gazebo -DCMAKE_INSTALL_PREFIX=/home/kirillz/Desktop/DEV/arducopter-sim-ros2-gazebo/ardupilot_gazebo/install/ardupilot_gazebo
[0.199s] Building ardupilot_gazebo as an `ament_cmake` project.
[0.203s] -- Looking for gz-common5 -- found version 5.7.1
[0.203s] -- Searching for dependencies of gz-common5
[0.203s] -- Looking for gz-utils2 -- found version 2.2.1
[0.203s] -- Searching for dependencies of gz-utils2
[0.204s] -- Looking for dlfcn.h - found
[0.204s] -- Looking for libdl - found
[0.209s] -- Checking for module 'uuid'
[0.221s] --   Found uuid, version 2.39.3
[0.279s] -- Looking for gz-common5 - found
[0.279s] 
[0.281s] -- Looking for gz-rendering8 -- found version 8.2.3
[0.281s] -- Searching for dependencies of gz-rendering8
[0.282s] -- Looking for gz-math7 -- found version 7.5.2
[0.283s] -- Searching for dependencies of gz-math7
[0.283s] -- Looking for gz-utils2 -- found version 2.2.1
[0.284s] -- Searching for <gz-math7> component [eigen3]
[0.285s] -- Looking for gz-math7-eigen3 -- found version 7.5.2
[0.285s] -- Searching for dependencies of gz-math7-eigen3
[0.286s] -- Looking for gz-common5 -- found version 5.7.1
[0.286s] -- Searching for dependencies of gz-common5
[0.287s] -- Looking for gz-utils2 -- found version 2.2.1
[0.287s] -- Looking for dlfcn.h - found
[0.287s] -- Looking for libdl - found
[0.298s] -- Searching for <gz-common5> component [graphics]
[0.299s] -- Looking for gz-common5-graphics -- found version 5.7.1
[0.299s] -- Searching for dependencies of gz-common5-graphics
[0.299s] -- Looking for gz-math7 -- found version 7.5.2
[0.301s] -- Searching for <gz-common5> component [events]
[0.301s] -- Looking for gz-common5-events -- found version 5.7.1
[0.302s] -- Searching for dependencies of gz-common5-events
[0.302s] -- Looking for gz-math7 -- found version 7.5.2
[0.302s] -- Searching for <gz-common5> component [geospatial]
[0.303s] -- Looking for gz-common5-geospatial -- found version 5.7.1
[0.303s] -- Searching for dependencies of gz-common5-geospatial
[0.303s] -- Looking for gz-math7 -- found version 7.5.2
[0.303s] -- Looking for gz-common5 -- found version 5.7.1
[0.304s] -- Looking for gz-plugin2 -- found version 2.0.4
[0.304s] -- Searching for dependencies of gz-plugin2
[0.304s] -- Looking for gz-utils2 -- found version 2.2.1
[0.304s] -- Searching for dependencies of gz-utils2
[0.304s] -- Searching for <gz-utils2> component [cli]
[0.305s] -- Looking for gz-utils2-cli -- found version 2.2.1
[0.305s] -- Searching for dependencies of gz-utils2-cli
[0.305s] -- Searching for <gz-plugin2> component [all]
[0.306s] -- Looking for all libraries of gz-plugin2 -- found version 2.0.4
[0.306s] -- Looking for gz-plugin2 -- found version 2.0.4
[0.306s] -- Looking for gz-plugin2-loader -- found version 2.0.4
[0.306s] -- Searching for dependencies of gz-plugin2-loader
[0.307s] -- Looking for gz-plugin2-register -- found version 2.0.4
[0.307s] -- Searching for dependencies of gz-plugin2-register
[0.308s] -- Looking for gz-utils2 -- found version 2.2.1
[0.311s] -- Looking for gz-rendering8 - found
[0.311s] 
[0.311s] -- Looking for gz-sim8 -- found version 8.10.0
[0.311s] -- Searching for dependencies of gz-sim8
[0.312s] -- Looking for sdformat14 -- found version 14.8.0
[0.312s] -- Searching for dependencies of sdformat14
[0.315s] -- Checking for module 'tinyxml2'
[0.330s] --   Found tinyxml2, version 10.0.0
[0.372s] -- Looking for gz-math7 -- found version 7.5.2
[0.373s] -- Looking for gz-utils2 -- found version 2.2.1
[0.377s] -- Looking for gz-plugin2 -- found version 2.0.4
[0.378s] -- Looking for gz-transport13 -- found version 13.5.0
[0.379s] -- Searching for dependencies of gz-transport13
[0.422s] -- Config-file not installed for ZeroMQ -- checking for pkg-config
[0.430s] -- Checking for module 'libzmq >= 4'
[0.453s] --   Found libzmq, version 4.3.5
[0.520s] -- Looking for gz-utils2 -- found version 2.2.1
[0.521s] -- Looking for gz-msgs10 -- found version 10.3.2
[0.521s] -- Searching for dependencies of gz-msgs10
[0.540s] -- Looking for gz-utils2 -- found version 2.2.1
[0.540s] -- Looking for gz-math7 -- found version 7.5.2
[0.546s] -- Searching for <gz-transport13> component [log]
[0.546s] -- Looking for gz-transport13-log -- found version 13.5.0
[0.546s] -- Searching for dependencies of gz-transport13-log
[0.546s] -- Searching for <gz-transport13> component [parameters]
[0.546s] -- Looking for gz-transport13-parameters -- found version 13.5.0
[0.547s] -- Searching for dependencies of gz-transport13-parameters
[0.547s] -- Looking for gz-msgs10 -- found version 10.3.2
[0.547s] -- Looking for gz-common5 -- found version 5.7.1
[0.548s] -- Searching for dependencies of gz-common5
[0.548s] -- Looking for gz-utils2 -- found version 2.2.1
[0.548s] -- Looking for dlfcn.h - found
[0.548s] -- Looking for libdl - found
[0.555s] -- Searching for <gz-common5> component [av]
[0.555s] -- Looking for gz-common5-av -- found version 5.7.1
[0.555s] -- Searching for dependencies of gz-common5-av
[0.559s] -- Checking for module 'libswscale'
[0.570s] --   Found libswscale, version 7.5.100
[0.621s] -- Checking for module 'libavdevice >= 56.4.100'
[0.646s] --   Found libavdevice, version 60.3.100
[0.753s] -- Checking for module 'libavformat'
[0.779s] --   Found libavformat, version 60.16.100
[0.840s] -- Checking for module 'libavcodec'
[0.870s] --   Found libavcodec, version 60.31.102
[0.941s] -- Checking for module 'libavutil'
[0.967s] --   Found libavutil, version 58.29.100
[1.021s] -- Searching for <gz-common5> component [events]
[1.022s] -- Searching for <gz-common5> component [graphics]
[1.022s] -- Searching for <gz-common5> component [io]
[1.022s] -- Looking for gz-common5-io -- found version 5.7.1
[1.022s] -- Searching for dependencies of gz-common5-io
[1.022s] -- Searching for <gz-common5> component [profiler]
[1.022s] -- Looking for gz-common5-profiler -- found version 5.7.1
[1.023s] -- Searching for dependencies of gz-common5-profiler
[1.023s] -- Looking for gz-fuel_tools9 -- found version 9.1.1
[1.023s] -- Searching for dependencies of gz-fuel_tools9
[1.082s] -- Checking for module 'jsoncpp'
[1.106s] --   Found jsoncpp, version 1.9.5
[1.219s] -- Checking for module 'yaml-0.1'
[1.233s] --   Found yaml-0.1, version 0.2.5
[1.315s] -- Checking for module 'libzip'
[1.332s] --   Found libzip, version 1.7.3
[1.388s] -- Looking for gz-utils2 -- found version 2.2.1
[1.388s] -- Looking for gz-common5 -- found version 5.7.1
[1.388s] -- Searching for dependencies of gz-common5
[1.389s] -- Looking for gz-utils2 -- found version 2.2.1
[1.389s] -- Looking for dlfcn.h - found
[1.389s] -- Looking for libdl - found
[1.397s] -- Searching for <gz-common5> component [testing]
[1.397s] -- Looking for gz-common5-testing -- found version 5.7.1
[1.397s] -- Searching for dependencies of gz-common5-testing
[1.398s] -- Looking for gz-math7 -- found version 7.5.2
[1.398s] -- Looking for gz-msgs10 -- found version 10.3.2
[1.399s] -- Looking for gz-gui8 -- found version 8.4.0
[1.399s] -- Searching for dependencies of gz-gui8
[1.422s] -- Looking for gz-utils2 -- found version 2.2.1
[1.422s] -- Looking for gz-math7 -- found version 7.5.2
[1.423s] -- Looking for gz-common5 -- found version 5.7.1
[1.423s] -- Looking for gz-plugin2 -- found version 2.0.4
[1.423s] -- Looking for gz-transport13 -- found version 13.5.0
[1.424s] -- Looking for gz-rendering8 -- found version 8.2.3
[1.424s] -- Looking for gz-msgs10 -- found version 10.3.2
[1.439s] -- Looking for gz-physics7 -- found version 7.6.0
[1.439s] -- Searching for dependencies of gz-physics7
[1.439s] -- Looking for gz-common5 -- found version 5.7.1
[1.439s] -- Looking for gz-math7 -- found version 7.5.2
[1.440s] -- Looking for gz-plugin2 -- found version 2.0.4
[1.440s] -- Looking for gz-utils2 -- found version 2.2.1
[1.441s] -- Searching for <gz-physics7> component [heightmap]
[1.441s] -- Looking for gz-physics7-heightmap -- found version 7.6.0
[1.441s] -- Searching for dependencies of gz-physics7-heightmap
[1.442s] -- Looking for gz-common5 -- found version 5.7.1
[1.443s] -- Searching for <gz-physics7> component [mesh]
[1.444s] -- Looking for gz-physics7-mesh -- found version 7.6.0
[1.444s] -- Searching for dependencies of gz-physics7-mesh
[1.445s] -- Looking for gz-common5 -- found version 5.7.1
[1.445s] -- Searching for <gz-physics7> component [sdf]
[1.446s] -- Looking for gz-physics7-sdf -- found version 7.6.0
[1.446s] -- Searching for dependencies of gz-physics7-sdf
[1.446s] -- Looking for sdformat14 -- found version 14.8.0
[1.447s] -- Looking for gz-sensors8 -- found version 8.2.2
[1.447s] -- Searching for dependencies of gz-sensors8
[1.464s] -- Looking for gz-math7 -- found version 7.5.2
[1.464s] -- Looking for gz-common5 -- found version 5.7.1
[1.464s] -- Looking for gz-transport13 -- found version 13.5.0
[1.465s] -- Looking for gz-rendering8 -- found version 8.2.3
[1.465s] -- Looking for gz-msgs10 -- found version 10.3.2
[1.465s] -- Looking for sdformat14 -- found version 14.8.0
[1.466s] -- Searching for <gz-sensors8> component [air_pressure]
[1.466s] -- Looking for gz-sensors8-air_pressure -- found version 8.2.2
[1.466s] -- Searching for dependencies of gz-sensors8-air_pressure
[1.466s] -- Searching for <gz-sensors8> component [air_speed]
[1.467s] -- Looking for gz-sensors8-air_speed -- found version 8.2.2
[1.467s] -- Searching for dependencies of gz-sensors8-air_speed
[1.467s] -- Searching for <gz-sensors8> component [altimeter]
[1.467s] -- Looking for gz-sensors8-altimeter -- found version 8.2.2
[1.468s] -- Searching for dependencies of gz-sensors8-altimeter
[1.468s] -- Searching for <gz-sensors8> component [imu]
[1.468s] -- Looking for gz-sensors8-imu -- found version 8.2.2
[1.468s] -- Searching for dependencies of gz-sensors8-imu
[1.469s] -- Searching for <gz-sensors8> component [force_torque]
[1.469s] -- Looking for gz-sensors8-force_torque -- found version 8.2.2
[1.469s] -- Searching for dependencies of gz-sensors8-force_torque
[1.469s] -- Searching for <gz-sensors8> component [logical_camera]
[1.470s] -- Looking for gz-sensors8-logical_camera -- found version 8.2.2
[1.470s] -- Searching for dependencies of gz-sensors8-logical_camera
[1.470s] -- Searching for <gz-sensors8> component [magnetometer]
[1.470s] -- Looking for gz-sensors8-magnetometer -- found version 8.2.2
[1.471s] -- Searching for dependencies of gz-sensors8-magnetometer
[1.471s] -- Searching for <gz-sensors8> component [navsat]
[1.471s] -- Looking for gz-sensors8-navsat -- found version 8.2.2
[1.471s] -- Searching for dependencies of gz-sensors8-navsat
[1.472s] -- Searching for <gz-sensors8> component [dvl]
[1.472s] -- Looking for gz-sensors8-dvl -- found version 8.2.2
[1.472s] -- Searching for dependencies of gz-sensors8-dvl
[1.472s] -- Looking for gz-sensors8 -- found version 8.2.2
[1.472s] -- Searching for dependencies of gz-sensors8
[1.491s] -- Looking for gz-math7 -- found version 7.5.2
[1.491s] -- Looking for gz-common5 -- found version 5.7.1
[1.492s] -- Looking for gz-transport13 -- found version 13.5.0
[1.492s] -- Looking for gz-rendering8 -- found version 8.2.3
[1.492s] -- Looking for gz-msgs10 -- found version 10.3.2
[1.493s] -- Looking for sdformat14 -- found version 14.8.0
[1.493s] -- Searching for <gz-sensors8> component [rendering]
[1.493s] -- Looking for gz-sensors8-rendering -- found version 8.2.2
[1.493s] -- Searching for dependencies of gz-sensors8-rendering
[1.494s] -- Searching for <gz-sensors8> component [rendering]
[1.494s] -- Searching for <gz-sensors8> component [lidar]
[1.494s] -- Looking for gz-sensors8-lidar -- found version 8.2.2
[1.494s] -- Searching for dependencies of gz-sensors8-lidar
[1.495s] -- Looking for gz-sensors8 -- found version 8.2.2
[1.495s] -- Searching for <gz-sensors8> component [gpu_lidar]
[1.495s] -- Looking for gz-sensors8-gpu_lidar -- found version 8.2.2
[1.496s] -- Searching for dependencies of gz-sensors8-gpu_lidar
[1.496s] -- Looking for gz-sensors8 -- found version 8.2.2
[1.496s] -- Searching for <gz-sensors8> component [camera]
[1.496s] -- Looking for gz-sensors8-camera -- found version 8.2.2
[1.497s] -- Searching for dependencies of gz-sensors8-camera
[1.497s] -- Looking for gz-sensors8 -- found version 8.2.2
[1.497s] -- Searching for <gz-sensors8> component [boundingbox_camera]
[1.498s] -- Looking for gz-sensors8-boundingbox_camera -- found version 8.2.2
[1.498s] -- Searching for dependencies of gz-sensors8-boundingbox_camera
[1.498s] -- Searching for <gz-sensors8> component [segmentation_camera]
[1.498s] -- Looking for gz-sensors8-segmentation_camera -- found version 8.2.2
[1.498s] -- Searching for dependencies of gz-sensors8-segmentation_camera
[1.499s] -- Searching for <gz-sensors8> component [depth_camera]
[1.499s] -- Looking for gz-sensors8-depth_camera -- found version 8.2.2
[1.499s] -- Searching for dependencies of gz-sensors8-depth_camera
[1.499s] -- Looking for gz-sensors8 -- found version 8.2.2
[1.500s] -- Searching for <gz-sensors8> component [rgbd_camera]
[1.500s] -- Looking for gz-sensors8-rgbd_camera -- found version 8.2.2
[1.500s] -- Searching for dependencies of gz-sensors8-rgbd_camera
[1.500s] -- Looking for gz-sensors8 -- found version 8.2.2
[1.501s] -- Searching for <gz-sensors8> component [thermal_camera]
[1.501s] -- Looking for gz-sensors8-thermal_camera -- found version 8.2.2
[1.501s] -- Searching for dependencies of gz-sensors8-thermal_camera
[1.501s] -- Looking for gz-sensors8 -- found version 8.2.2
[1.502s] -- Searching for <gz-sensors8> component [wide_angle_camera]
[1.502s] -- Looking for gz-sensors8-wide_angle_camera -- found version 8.2.2
[1.502s] -- Searching for dependencies of gz-sensors8-wide_angle_camera
[1.503s] -- Looking for gz-rendering8 -- found version 8.2.3
[1.503s] -- Looking for gz-math7 -- found version 7.5.2
[1.503s] -- Looking for gz-utils2 -- found version 2.2.1
[1.526s] -- Looking for gz-sim8 - found
[1.526s] 
[1.526s] -- Compiling against Gazebo Harmonic
[1.526s] -- RapidJSON found. Headers: /usr/include
[1.613s] -- Configuring done (1.6s)
[1.644s] -- Generating done (0.0s)
[1.651s] -- Build files have been written to: /home/kirillz/Desktop/DEV/arducopter-sim-ros2-gazebo/ardupilot_gazebo/build/ardupilot_gazebo
[1.656s] Invoked command in '/home/kirillz/Desktop/DEV/arducopter-sim-ros2-gazebo/ardupilot_gazebo/build/ardupilot_gazebo' returned '0': CMAKE_PREFIX_PATH=${CMAKE_PREFIX_PATH}:/opt/ros/jazzy DEBUGINFOD_URLS=https://debuginfod.ubuntu.com /usr/bin/cmake /home/kirillz/Desktop/DEV/arducopter-sim-ros2-gazebo/ardupilot_gazebo -DCMAKE_INSTALL_PREFIX=/home/kirillz/Desktop/DEV/arducopter-sim-ros2-gazebo/ardupilot_gazebo/install/ardupilot_gazebo
[1.657s] Invoking command in '/home/kirillz/Desktop/DEV/arducopter-sim-ros2-gazebo/ardupilot_gazebo/build/ardupilot_gazebo': CMAKE_PREFIX_PATH=${CMAKE_PREFIX_PATH}:/opt/ros/jazzy DEBUGINFOD_URLS=https://debuginfod.ubuntu.com /usr/bin/cmake --build /home/kirillz/Desktop/DEV/arducopter-sim-ros2-gazebo/ardupilot_gazebo/build/ardupilot_gazebo -- -j16 -l16
[1.714s] [ 28%] Built target GimbalStabilizerPlugin
[1.714s] [ 21%] Built target ParachutePlugin
[1.715s] [ 42%] Built target CameraZoomPlugin
[1.718s] [ 71%] Built target ArduPilotPlugin
[1.718s] [ 85%] Built target GstCameraPlugin
[1.722s] [100%] Built target SprayerPlugin
[1.729s] Invoked command in '/home/kirillz/Desktop/DEV/arducopter-sim-ros2-gazebo/ardupilot_gazebo/build/ardupilot_gazebo' returned '0': CMAKE_PREFIX_PATH=${CMAKE_PREFIX_PATH}:/opt/ros/jazzy DEBUGINFOD_URLS=https://debuginfod.ubuntu.com /usr/bin/cmake --build /home/kirillz/Desktop/DEV/arducopter-sim-ros2-gazebo/ardupilot_gazebo/build/ardupilot_gazebo -- -j16 -l16
[1.737s] Invoking command in '/home/kirillz/Desktop/DEV/arducopter-sim-ros2-gazebo/ardupilot_gazebo/build/ardupilot_gazebo': CMAKE_PREFIX_PATH=${CMAKE_PREFIX_PATH}:/opt/ros/jazzy DEBUGINFOD_URLS=https://debuginfod.ubuntu.com /usr/bin/cmake --install /home/kirillz/Desktop/DEV/arducopter-sim-ros2-gazebo/ardupilot_gazebo/build/ardupilot_gazebo
[1.742s] -- Install configuration: "RelWithDebInfo"
[1.742s] -- Up-to-date: /home/kirillz/Desktop/DEV/arducopter-sim-ros2-gazebo/ardupilot_gazebo/install/ardupilot_gazebo/lib/ardupilot_gazebo/libArduPilotPlugin.so
[1.742s] -- Up-to-date: /home/kirillz/Desktop/DEV/arducopter-sim-ros2-gazebo/ardupilot_gazebo/install/ardupilot_gazebo/lib/ardupilot_gazebo/libParachutePlugin.so
[1.742s] -- Up-to-date: /home/kirillz/Desktop/DEV/arducopter-sim-ros2-gazebo/ardupilot_gazebo/install/ardupilot_gazebo/lib/ardupilot_gazebo/libCameraZoomPlugin.so
[1.742s] -- Up-to-date: /home/kirillz/Desktop/DEV/arducopter-sim-ros2-gazebo/ardupilot_gazebo/install/ardupilot_gazebo/lib/ardupilot_gazebo/libGimbalStabilizerPlugin.so
[1.743s] -- Up-to-date: /home/kirillz/Desktop/DEV/arducopter-sim-ros2-gazebo/ardupilot_gazebo/install/ardupilot_gazebo/lib/ardupilot_gazebo/libGstCameraPlugin.so
[1.743s] -- Up-to-date: /home/kirillz/Desktop/DEV/arducopter-sim-ros2-gazebo/ardupilot_gazebo/install/ardupilot_gazebo/lib/ardupilot_gazebo/libSprayerPlugin.so
[1.743s] -- Up-to-date: /home/kirillz/Desktop/DEV/arducopter-sim-ros2-gazebo/ardupilot_gazebo/install/ardupilot_gazebo/share/ardupilot_gazebo/config
[1.744s] -- Up-to-date: /home/kirillz/Desktop/DEV/arducopter-sim-ros2-gazebo/ardupilot_gazebo/install/ardupilot_gazebo/share/ardupilot_gazebo/config/gazebo-iris-gimbal.parm
[1.744s] -- Up-to-date: /home/kirillz/Desktop/DEV/arducopter-sim-ros2-gazebo/ardupilot_gazebo/install/ardupilot_gazebo/share/ardupilot_gazebo/models
[1.744s] -- Up-to-date: /home/kirillz/Desktop/DEV/arducopter-sim-ros2-gazebo/ardupilot_gazebo/install/ardupilot_gazebo/share/ardupilot_gazebo/models/runway
[1.744s] -- Up-to-date: /home/kirillz/Desktop/DEV/arducopter-sim-ros2-gazebo/ardupilot_gazebo/install/ardupilot_gazebo/share/ardupilot_gazebo/models/runway/model.config
[1.744s] -- Up-to-date: /home/kirillz/Desktop/DEV/arducopter-sim-ros2-gazebo/ardupilot_gazebo/install/ardupilot_gazebo/share/ardupilot_gazebo/models/runway/meshes
[1.744s] -- Up-to-date: /home/kirillz/Desktop/DEV/arducopter-sim-ros2-gazebo/ardupilot_gazebo/install/ardupilot_gazebo/share/ardupilot_gazebo/models/runway/meshes/airfield.dae
[1.745s] -- Up-to-date: /home/kirillz/Desktop/DEV/arducopter-sim-ros2-gazebo/ardupilot_gazebo/install/ardupilot_gazebo/share/ardupilot_gazebo/models/runway/materials
[1.745s] -- Up-to-date: /home/kirillz/Desktop/DEV/arducopter-sim-ros2-gazebo/ardupilot_gazebo/install/ardupilot_gazebo/share/ardupilot_gazebo/models/runway/materials/textures
[1.745s] -- Up-to-date: /home/kirillz/Desktop/DEV/arducopter-sim-ros2-gazebo/ardupilot_gazebo/install/ardupilot_gazebo/share/ardupilot_gazebo/models/runway/materials/textures/runway.png
[1.745s] -- Up-to-date: /home/kirillz/Desktop/DEV/arducopter-sim-ros2-gazebo/ardupilot_gazebo/install/ardupilot_gazebo/share/ardupilot_gazebo/models/runway/materials/textures/Grass004_2K_Roughness.jpg
[1.745s] -- Up-to-date: /home/kirillz/Desktop/DEV/arducopter-sim-ros2-gazebo/ardupilot_gazebo/install/ardupilot_gazebo/share/ardupilot_gazebo/models/runway/materials/textures/Grass004_2K_NormalGL.jpg
[1.745s] -- Up-to-date: /home/kirillz/Desktop/DEV/arducopter-sim-ros2-gazebo/ardupilot_gazebo/install/ardupilot_gazebo/share/ardupilot_gazebo/models/runway/materials/textures/Grass004_2K_Color copy.jpg
[1.745s] -- Up-to-date: /home/kirillz/Desktop/DEV/arducopter-sim-ros2-gazebo/ardupilot_gazebo/install/ardupilot_gazebo/share/ardupilot_gazebo/models/runway/materials/textures/Grass004_2K_Displacement.jpg
[1.745s] -- Up-to-date: /home/kirillz/Desktop/DEV/arducopter-sim-ros2-gazebo/ardupilot_gazebo/install/ardupilot_gazebo/share/ardupilot_gazebo/models/runway/materials/textures/Grass004_2K_AmbientOcclusion.jpg
[1.745s] -- Up-to-date: /home/kirillz/Desktop/DEV/arducopter-sim-ros2-gazebo/ardupilot_gazebo/install/ardupilot_gazebo/share/ardupilot_gazebo/models/runway/materials/textures/Grass004_2K_Color.jpg
[1.746s] -- Up-to-date: /home/kirillz/Desktop/DEV/arducopter-sim-ros2-gazebo/ardupilot_gazebo/install/ardupilot_gazebo/share/ardupilot_gazebo/models/runway/model.sdf
[1.746s] -- Up-to-date: /home/kirillz/Desktop/DEV/arducopter-sim-ros2-gazebo/ardupilot_gazebo/install/ardupilot_gazebo/share/ardupilot_gazebo/models/gimbal_small_1d
[1.746s] -- Up-to-date: /home/kirillz/Desktop/DEV/arducopter-sim-ros2-gazebo/ardupilot_gazebo/install/ardupilot_gazebo/share/ardupilot_gazebo/models/gimbal_small_1d/model.config
[1.746s] -- Up-to-date: /home/kirillz/Desktop/DEV/arducopter-sim-ros2-gazebo/ardupilot_gazebo/install/ardupilot_gazebo/share/ardupilot_gazebo/models/gimbal_small_1d/meshes
[1.746s] -- Up-to-date: /home/kirillz/Desktop/DEV/arducopter-sim-ros2-gazebo/ardupilot_gazebo/install/ardupilot_gazebo/share/ardupilot_gazebo/models/gimbal_small_1d/meshes/tilt.dae
[1.746s] -- Up-to-date: /home/kirillz/Desktop/DEV/arducopter-sim-ros2-gazebo/ardupilot_gazebo/install/ardupilot_gazebo/share/ardupilot_gazebo/models/gimbal_small_1d/meshes/base_main.dae
[1.746s] -- Up-to-date: /home/kirillz/Desktop/DEV/arducopter-sim-ros2-gazebo/ardupilot_gazebo/install/ardupilot_gazebo/share/ardupilot_gazebo/models/gimbal_small_1d/meshes/base_arm.dae
[1.746s] -- Up-to-date: /home/kirillz/Desktop/DEV/arducopter-sim-ros2-gazebo/ardupilot_gazebo/install/ardupilot_gazebo/share/ardupilot_gazebo/models/gimbal_small_1d/model.sdf
[1.746s] -- Up-to-date: /home/kirillz/Desktop/DEV/arducopter-sim-ros2-gazebo/ardupilot_gazebo/install/ardupilot_gazebo/share/ardupilot_gazebo/models/iris_with_gimbal
[1.746s] -- Up-to-date: /home/kirillz/Desktop/DEV/arducopter-sim-ros2-gazebo/ardupilot_gazebo/install/ardupilot_gazebo/share/ardupilot_gazebo/models/iris_with_gimbal/model.config
[1.747s] -- Up-to-date: /home/kirillz/Desktop/DEV/arducopter-sim-ros2-gazebo/ardupilot_gazebo/install/ardupilot_gazebo/share/ardupilot_gazebo/models/iris_with_gimbal/model.sdf
[1.747s] -- Up-to-date: /home/kirillz/Desktop/DEV/arducopter-sim-ros2-gazebo/ardupilot_gazebo/install/ardupilot_gazebo/share/ardupilot_gazebo/models/zephyr_with_ardupilot
[1.747s] -- Up-to-date: /home/kirillz/Desktop/DEV/arducopter-sim-ros2-gazebo/ardupilot_gazebo/install/ardupilot_gazebo/share/ardupilot_gazebo/models/zephyr_with_ardupilot/model.config
[1.747s] -- Up-to-date: /home/kirillz/Desktop/DEV/arducopter-sim-ros2-gazebo/ardupilot_gazebo/install/ardupilot_gazebo/share/ardupilot_gazebo/models/zephyr_with_ardupilot/model.sdf
[1.747s] -- Up-to-date: /home/kirillz/Desktop/DEV/arducopter-sim-ros2-gazebo/ardupilot_gazebo/install/ardupilot_gazebo/share/ardupilot_gazebo/models/iris_with_standoffs
[1.747s] -- Up-to-date: /home/kirillz/Desktop/DEV/arducopter-sim-ros2-gazebo/ardupilot_gazebo/install/ardupilot_gazebo/share/ardupilot_gazebo/models/iris_with_standoffs/model.config
[1.748s] -- Up-to-date: /home/kirillz/Desktop/DEV/arducopter-sim-ros2-gazebo/ardupilot_gazebo/install/ardupilot_gazebo/share/ardupilot_gazebo/models/iris_with_standoffs/meshes
[1.748s] -- Up-to-date: /home/kirillz/Desktop/DEV/arducopter-sim-ros2-gazebo/ardupilot_gazebo/install/ardupilot_gazebo/share/ardupilot_gazebo/models/iris_with_standoffs/meshes/iris_prop_ccw.dae
[1.748s] -- Up-to-date: /home/kirillz/Desktop/DEV/arducopter-sim-ros2-gazebo/ardupilot_gazebo/install/ardupilot_gazebo/share/ardupilot_gazebo/models/iris_with_standoffs/meshes/iris_prop_cw.dae
[1.748s] -- Up-to-date: /home/kirillz/Desktop/DEV/arducopter-sim-ros2-gazebo/ardupilot_gazebo/install/ardupilot_gazebo/share/ardupilot_gazebo/models/iris_with_standoffs/meshes/iris_collision.stl
[1.748s] -- Up-to-date: /home/kirillz/Desktop/DEV/arducopter-sim-ros2-gazebo/ardupilot_gazebo/install/ardupilot_gazebo/share/ardupilot_gazebo/models/iris_with_standoffs/meshes/iris.dae
[1.748s] -- Up-to-date: /home/kirillz/Desktop/DEV/arducopter-sim-ros2-gazebo/ardupilot_gazebo/install/ardupilot_gazebo/share/ardupilot_gazebo/models/iris_with_standoffs/model.sdf
[1.748s] -- Up-to-date: /home/kirillz/Desktop/DEV/arducopter-sim-ros2-gazebo/ardupilot_gazebo/install/ardupilot_gazebo/share/ardupilot_gazebo/models/iris_with_ardupilot
[1.748s] -- Up-to-date: /home/kirillz/Desktop/DEV/arducopter-sim-ros2-gazebo/ardupilot_gazebo/install/ardupilot_gazebo/share/ardupilot_gazebo/models/iris_with_ardupilot/model.config
[1.748s] -- Up-to-date: /home/kirillz/Desktop/DEV/arducopter-sim-ros2-gazebo/ardupilot_gazebo/install/ardupilot_gazebo/share/ardupilot_gazebo/models/iris_with_ardupilot/model.sdf
[1.749s] -- Up-to-date: /home/kirillz/Desktop/DEV/arducopter-sim-ros2-gazebo/ardupilot_gazebo/install/ardupilot_gazebo/share/ardupilot_gazebo/models/parachute_small
[1.749s] -- Up-to-date: /home/kirillz/Desktop/DEV/arducopter-sim-ros2-gazebo/ardupilot_gazebo/install/ardupilot_gazebo/share/ardupilot_gazebo/models/parachute_small/model.config
[1.749s] -- Up-to-date: /home/kirillz/Desktop/DEV/arducopter-sim-ros2-gazebo/ardupilot_gazebo/install/ardupilot_gazebo/share/ardupilot_gazebo/models/parachute_small/meshes
[1.749s] -- Up-to-date: /home/kirillz/Desktop/DEV/arducopter-sim-ros2-gazebo/ardupilot_gazebo/install/ardupilot_gazebo/share/ardupilot_gazebo/models/parachute_small/meshes/parachute_small.dae
[1.749s] -- Up-to-date: /home/kirillz/Desktop/DEV/arducopter-sim-ros2-gazebo/ardupilot_gazebo/install/ardupilot_gazebo/share/ardupilot_gazebo/models/parachute_small/model.sdf
[1.749s] -- Up-to-date: /home/kirillz/Desktop/DEV/arducopter-sim-ros2-gazebo/ardupilot_gazebo/install/ardupilot_gazebo/share/ardupilot_gazebo/models/zephyr
[1.749s] -- Up-to-date: /home/kirillz/Desktop/DEV/arducopter-sim-ros2-gazebo/ardupilot_gazebo/install/ardupilot_gazebo/share/ardupilot_gazebo/models/zephyr/model.config
[1.749s] -- Up-to-date: /home/kirillz/Desktop/DEV/arducopter-sim-ros2-gazebo/ardupilot_gazebo/install/ardupilot_gazebo/share/ardupilot_gazebo/models/zephyr/meshes
[1.749s] -- Up-to-date: /home/kirillz/Desktop/DEV/arducopter-sim-ros2-gazebo/ardupilot_gazebo/install/ardupilot_gazebo/share/ardupilot_gazebo/models/zephyr/meshes/wing.dae
[1.749s] -- Up-to-date: /home/kirillz/Desktop/DEV/arducopter-sim-ros2-gazebo/ardupilot_gazebo/install/ardupilot_gazebo/share/ardupilot_gazebo/models/zephyr/meshes/parachute_small.dae
[1.749s] -- Up-to-date: /home/kirillz/Desktop/DEV/arducopter-sim-ros2-gazebo/ardupilot_gazebo/install/ardupilot_gazebo/share/ardupilot_gazebo/models/zephyr/materials
[1.749s] -- Up-to-date: /home/kirillz/Desktop/DEV/arducopter-sim-ros2-gazebo/ardupilot_gazebo/install/ardupilot_gazebo/share/ardupilot_gazebo/models/zephyr/materials/textures
[1.749s] -- Up-to-date: /home/kirillz/Desktop/DEV/arducopter-sim-ros2-gazebo/ardupilot_gazebo/install/ardupilot_gazebo/share/ardupilot_gazebo/models/zephyr/materials/textures/wing.png
[1.749s] -- Up-to-date: /home/kirillz/Desktop/DEV/arducopter-sim-ros2-gazebo/ardupilot_gazebo/install/ardupilot_gazebo/share/ardupilot_gazebo/models/zephyr/model.sdf
[1.749s] -- Up-to-date: /home/kirillz/Desktop/DEV/arducopter-sim-ros2-gazebo/ardupilot_gazebo/install/ardupilot_gazebo/share/ardupilot_gazebo/models/zephyr/thumbnails
[1.749s] -- Up-to-date: /home/kirillz/Desktop/DEV/arducopter-sim-ros2-gazebo/ardupilot_gazebo/install/ardupilot_gazebo/share/ardupilot_gazebo/models/zephyr/thumbnails/1.png
[1.749s] -- Up-to-date: /home/kirillz/Desktop/DEV/arducopter-sim-ros2-gazebo/ardupilot_gazebo/install/ardupilot_gazebo/share/ardupilot_gazebo/models/zephyr/thumbnails/3.png
[1.749s] -- Up-to-date: /home/kirillz/Desktop/DEV/arducopter-sim-ros2-gazebo/ardupilot_gazebo/install/ardupilot_gazebo/share/ardupilot_gazebo/models/zephyr/thumbnails/4.png
[1.749s] -- Up-to-date: /home/kirillz/Desktop/DEV/arducopter-sim-ros2-gazebo/ardupilot_gazebo/install/ardupilot_gazebo/share/ardupilot_gazebo/models/zephyr/thumbnails/2.png
[1.749s] -- Up-to-date: /home/kirillz/Desktop/DEV/arducopter-sim-ros2-gazebo/ardupilot_gazebo/install/ardupilot_gazebo/share/ardupilot_gazebo/models/zephyr/thumbnails/5.png
[1.749s] -- Up-to-date: /home/kirillz/Desktop/DEV/arducopter-sim-ros2-gazebo/ardupilot_gazebo/install/ardupilot_gazebo/share/ardupilot_gazebo/models/gimbal_small_2d
[1.749s] -- Up-to-date: /home/kirillz/Desktop/DEV/arducopter-sim-ros2-gazebo/ardupilot_gazebo/install/ardupilot_gazebo/share/ardupilot_gazebo/models/gimbal_small_2d/model.config
[1.749s] -- Up-to-date: /home/kirillz/Desktop/DEV/arducopter-sim-ros2-gazebo/ardupilot_gazebo/install/ardupilot_gazebo/share/ardupilot_gazebo/models/gimbal_small_2d/meshes
[1.749s] -- Up-to-date: /home/kirillz/Desktop/DEV/arducopter-sim-ros2-gazebo/ardupilot_gazebo/install/ardupilot_gazebo/share/ardupilot_gazebo/models/gimbal_small_2d/meshes/tilt.dae
[1.749s] -- Up-to-date: /home/kirillz/Desktop/DEV/arducopter-sim-ros2-gazebo/ardupilot_gazebo/install/ardupilot_gazebo/share/ardupilot_gazebo/models/gimbal_small_2d/meshes/base_main.dae
[1.749s] -- Up-to-date: /home/kirillz/Desktop/DEV/arducopter-sim-ros2-gazebo/ardupilot_gazebo/install/ardupilot_gazebo/share/ardupilot_gazebo/models/gimbal_small_2d/meshes/base_arm.dae
[1.749s] -- Up-to-date: /home/kirillz/Desktop/DEV/arducopter-sim-ros2-gazebo/ardupilot_gazebo/install/ardupilot_gazebo/share/ardupilot_gazebo/models/gimbal_small_2d/model.sdf
[1.749s] -- Up-to-date: /home/kirillz/Desktop/DEV/arducopter-sim-ros2-gazebo/ardupilot_gazebo/install/ardupilot_gazebo/share/ardupilot_gazebo/models/iris_with_sprayer
[1.750s] -- Up-to-date: /home/kirillz/Desktop/DEV/arducopter-sim-ros2-gazebo/ardupilot_gazebo/install/ardupilot_gazebo/share/ardupilot_gazebo/models/iris_with_sprayer/model.config
[1.750s] -- Installing: /home/kirillz/Desktop/DEV/arducopter-sim-ros2-gazebo/ardupilot_gazebo/install/ardupilot_gazebo/share/ardupilot_gazebo/models/iris_with_sprayer/model.sdf
[1.750s] -- Up-to-date: /home/kirillz/Desktop/DEV/arducopter-sim-ros2-gazebo/ardupilot_gazebo/install/ardupilot_gazebo/share/ardupilot_gazebo/models/zephyr_with_parachute
[1.750s] -- Up-to-date: /home/kirillz/Desktop/DEV/arducopter-sim-ros2-gazebo/ardupilot_gazebo/install/ardupilot_gazebo/share/ardupilot_gazebo/models/zephyr_with_parachute/model.config
[1.750s] -- Up-to-date: /home/kirillz/Desktop/DEV/arducopter-sim-ros2-gazebo/ardupilot_gazebo/install/ardupilot_gazebo/share/ardupilot_gazebo/models/zephyr_with_parachute/model.sdf
[1.750s] -- Up-to-date: /home/kirillz/Desktop/DEV/arducopter-sim-ros2-gazebo/ardupilot_gazebo/install/ardupilot_gazebo/share/ardupilot_gazebo/models/gimbal_small_3d
[1.750s] -- Up-to-date: /home/kirillz/Desktop/DEV/arducopter-sim-ros2-gazebo/ardupilot_gazebo/install/ardupilot_gazebo/share/ardupilot_gazebo/models/gimbal_small_3d/model.config
[1.750s] -- Up-to-date: /home/kirillz/Desktop/DEV/arducopter-sim-ros2-gazebo/ardupilot_gazebo/install/ardupilot_gazebo/share/ardupilot_gazebo/models/gimbal_small_3d/meshes
[1.750s] -- Up-to-date: /home/kirillz/Desktop/DEV/arducopter-sim-ros2-gazebo/ardupilot_gazebo/install/ardupilot_gazebo/share/ardupilot_gazebo/models/gimbal_small_3d/meshes/yaw_arm.dae
[1.750s] -- Up-to-date: /home/kirillz/Desktop/DEV/arducopter-sim-ros2-gazebo/ardupilot_gazebo/install/ardupilot_gazebo/share/ardupilot_gazebo/models/gimbal_small_3d/meshes/base_plate.dae
[1.750s] -- Up-to-date: /home/kirillz/Desktop/DEV/arducopter-sim-ros2-gazebo/ardupilot_gazebo/install/ardupilot_gazebo/share/ardupilot_gazebo/models/gimbal_small_3d/meshes/roll_arm.dae
[1.750s] -- Up-to-date: /home/kirillz/Desktop/DEV/arducopter-sim-ros2-gazebo/ardupilot_gazebo/install/ardupilot_gazebo/share/ardupilot_gazebo/models/gimbal_small_3d/meshes/camera_enclosure.dae
[1.750s] -- Up-to-date: /home/kirillz/Desktop/DEV/arducopter-sim-ros2-gazebo/ardupilot_gazebo/install/ardupilot_gazebo/share/ardupilot_gazebo/models/gimbal_small_3d/model.sdf
[1.750s] -- Up-to-date: /home/kirillz/Desktop/DEV/arducopter-sim-ros2-gazebo/ardupilot_gazebo/install/ardupilot_gazebo/share/ardupilot_gazebo/worlds
[1.750s] -- Up-to-date: /home/kirillz/Desktop/DEV/arducopter-sim-ros2-gazebo/ardupilot_gazebo/install/ardupilot_gazebo/share/ardupilot_gazebo/worlds/iris_runway.sdf
[1.750s] -- Up-to-date: /home/kirillz/Desktop/DEV/arducopter-sim-ros2-gazebo/ardupilot_gazebo/install/ardupilot_gazebo/share/ardupilot_gazebo/worlds/iris_sprayer.sdf
[1.750s] -- Up-to-date: /home/kirillz/Desktop/DEV/arducopter-sim-ros2-gazebo/ardupilot_gazebo/install/ardupilot_gazebo/share/ardupilot_gazebo/worlds/zephyr_runway.sdf
[1.750s] -- Up-to-date: /home/kirillz/Desktop/DEV/arducopter-sim-ros2-gazebo/ardupilot_gazebo/install/ardupilot_gazebo/share/ardupilot_gazebo/worlds/gimbal.sdf
[1.750s] -- Up-to-date: /home/kirillz/Desktop/DEV/arducopter-sim-ros2-gazebo/ardupilot_gazebo/install/ardupilot_gazebo/share/ardupilot_gazebo/worlds/iris_warehouse.sdf
[1.750s] -- Up-to-date: /home/kirillz/Desktop/DEV/arducopter-sim-ros2-gazebo/ardupilot_gazebo/install/ardupilot_gazebo/share/ardupilot_gazebo/worlds/zephyr_parachute.sdf
[1.750s] -- Up-to-date: /home/kirillz/Desktop/DEV/arducopter-sim-ros2-gazebo/ardupilot_gazebo/install/ardupilot_gazebo/share/ardupilot_gazebo/environment/ardupilot_gazebo.dsv
[1.750s] -- Up-to-date: /home/kirillz/Desktop/DEV/arducopter-sim-ros2-gazebo/ardupilot_gazebo/install/ardupilot_gazebo/share/ardupilot_gazebo/environment/ardupilot_gazebo.sh
[1.750s] -- Up-to-date: /home/kirillz/Desktop/DEV/arducopter-sim-ros2-gazebo/ardupilot_gazebo/install/ardupilot_gazebo/share/ament_index/resource_index/package_run_dependencies/ardupilot_gazebo
[1.750s] -- Up-to-date: /home/kirillz/Desktop/DEV/arducopter-sim-ros2-gazebo/ardupilot_gazebo/install/ardupilot_gazebo/share/ament_index/resource_index/parent_prefix_path/ardupilot_gazebo
[1.750s] -- Up-to-date: /home/kirillz/Desktop/DEV/arducopter-sim-ros2-gazebo/ardupilot_gazebo/install/ardupilot_gazebo/share/ardupilot_gazebo/environment/ament_prefix_path.sh
[1.750s] -- Up-to-date: /home/kirillz/Desktop/DEV/arducopter-sim-ros2-gazebo/ardupilot_gazebo/install/ardupilot_gazebo/share/ardupilot_gazebo/environment/ament_prefix_path.dsv
[1.750s] -- Up-to-date: /home/kirillz/Desktop/DEV/arducopter-sim-ros2-gazebo/ardupilot_gazebo/install/ardupilot_gazebo/share/ardupilot_gazebo/environment/path.sh
[1.750s] -- Up-to-date: /home/kirillz/Desktop/DEV/arducopter-sim-ros2-gazebo/ardupilot_gazebo/install/ardupilot_gazebo/share/ardupilot_gazebo/environment/path.dsv
[1.750s] -- Up-to-date: /home/kirillz/Desktop/DEV/arducopter-sim-ros2-gazebo/ardupilot_gazebo/install/ardupilot_gazebo/share/ardupilot_gazebo/local_setup.bash
[1.750s] -- Up-to-date: /home/kirillz/Desktop/DEV/arducopter-sim-ros2-gazebo/ardupilot_gazebo/install/ardupilot_gazebo/share/ardupilot_gazebo/local_setup.sh
[1.750s] -- Up-to-date: /home/kirillz/Desktop/DEV/arducopter-sim-ros2-gazebo/ardupilot_gazebo/install/ardupilot_gazebo/share/ardupilot_gazebo/local_setup.zsh
[1.751s] -- Up-to-date: /home/kirillz/Desktop/DEV/arducopter-sim-ros2-gazebo/ardupilot_gazebo/install/ardupilot_gazebo/share/ardupilot_gazebo/local_setup.dsv
[1.751s] -- Installing: /home/kirillz/Desktop/DEV/arducopter-sim-ros2-gazebo/ardupilot_gazebo/install/ardupilot_gazebo/share/ardupilot_gazebo/package.dsv
[1.751s] -- Up-to-date: /home/kirillz/Desktop/DEV/arducopter-sim-ros2-gazebo/ardupilot_gazebo/install/ardupilot_gazebo/share/ament_index/resource_index/packages/ardupilot_gazebo
[1.751s] -- Up-to-date: /home/kirillz/Desktop/DEV/arducopter-sim-ros2-gazebo/ardupilot_gazebo/install/ardupilot_gazebo/share/ardupilot_gazebo/cmake/ardupilot_gazeboConfig.cmake
[1.751s] -- Up-to-date: /home/kirillz/Desktop/DEV/arducopter-sim-ros2-gazebo/ardupilot_gazebo/install/ardupilot_gazebo/share/ardupilot_gazebo/cmake/ardupilot_gazeboConfig-version.cmake
[1.751s] -- Up-to-date: /home/kirillz/Desktop/DEV/arducopter-sim-ros2-gazebo/ardupilot_gazebo/install/ardupilot_gazebo/share/ardupilot_gazebo/package.xml
[1.751s] Invoked command in '/home/kirillz/Desktop/DEV/arducopter-sim-ros2-gazebo/ardupilot_gazebo/build/ardupilot_gazebo' returned '0': CMAKE_PREFIX_PATH=${CMAKE_PREFIX_PATH}:/opt/ros/jazzy DEBUGINFOD_URLS=https://debuginfod.ubuntu.com /usr/bin/cmake --install /home/kirillz/Desktop/DEV/arducopter-sim-ros2-gazebo/ardupilot_gazebo/build/ardupilot_gazebo
